ARM GAS  C:\Users\Kaa\AppData\Local\Temp\ccf9Zh6a.s 			page 1


   1              		.cpu cortex-m3
   2              		.eabi_attribute 20, 1
   3              		.eabi_attribute 21, 1
   4              		.eabi_attribute 23, 3
   5              		.eabi_attribute 24, 1
   6              		.eabi_attribute 25, 1
   7              		.eabi_attribute 26, 1
   8              		.eabi_attribute 30, 1
   9              		.eabi_attribute 34, 1
  10              		.eabi_attribute 18, 4
  11              		.file	"stm32f1xx_hal_exti.c"
  12              		.text
  13              	.Ltext0:
  14              		.cfi_sections	.debug_frame
  15              		.section	.text.HAL_EXTI_SetConfigLine,"ax",%progbits
  16              		.align	1
  17              		.global	HAL_EXTI_SetConfigLine
  18              		.arch armv7-m
  19              		.syntax unified
  20              		.thumb
  21              		.thumb_func
  22              		.fpu softvfp
  24              	HAL_EXTI_SetConfigLine:
  25              	.LVL0:
  26              	.LFB65:
  27              		.file 1 "Drivers/STM32F1xx_HAL_Driver/Src/stm32f1xx_hal_exti.c"
   1:Drivers/STM32F1xx_HAL_Driver/Src/stm32f1xx_hal_exti.c **** /**
   2:Drivers/STM32F1xx_HAL_Driver/Src/stm32f1xx_hal_exti.c ****   ******************************************************************************
   3:Drivers/STM32F1xx_HAL_Driver/Src/stm32f1xx_hal_exti.c ****   * @file    stm32f1xx_hal_exti.c
   4:Drivers/STM32F1xx_HAL_Driver/Src/stm32f1xx_hal_exti.c ****   * @author  MCD Application Team
   5:Drivers/STM32F1xx_HAL_Driver/Src/stm32f1xx_hal_exti.c ****   * @brief   EXTI HAL module driver.
   6:Drivers/STM32F1xx_HAL_Driver/Src/stm32f1xx_hal_exti.c ****   *          This file provides firmware functions to manage the following
   7:Drivers/STM32F1xx_HAL_Driver/Src/stm32f1xx_hal_exti.c ****   *          functionalities of the Extended Interrupts and events controller (EXTI) peripheral:
   8:Drivers/STM32F1xx_HAL_Driver/Src/stm32f1xx_hal_exti.c ****   *           + Initialization and de-initialization functions
   9:Drivers/STM32F1xx_HAL_Driver/Src/stm32f1xx_hal_exti.c ****   *           + IO operation functions
  10:Drivers/STM32F1xx_HAL_Driver/Src/stm32f1xx_hal_exti.c ****   *
  11:Drivers/STM32F1xx_HAL_Driver/Src/stm32f1xx_hal_exti.c ****   ******************************************************************************
  12:Drivers/STM32F1xx_HAL_Driver/Src/stm32f1xx_hal_exti.c ****   * @attention
  13:Drivers/STM32F1xx_HAL_Driver/Src/stm32f1xx_hal_exti.c ****   *
  14:Drivers/STM32F1xx_HAL_Driver/Src/stm32f1xx_hal_exti.c ****   * Copyright (c) 2019 STMicroelectronics.
  15:Drivers/STM32F1xx_HAL_Driver/Src/stm32f1xx_hal_exti.c ****   * All rights reserved.
  16:Drivers/STM32F1xx_HAL_Driver/Src/stm32f1xx_hal_exti.c ****   *
  17:Drivers/STM32F1xx_HAL_Driver/Src/stm32f1xx_hal_exti.c ****   * This software is licensed under terms that can be found in the LICENSE file
  18:Drivers/STM32F1xx_HAL_Driver/Src/stm32f1xx_hal_exti.c ****   * in the root directory of this software component.
  19:Drivers/STM32F1xx_HAL_Driver/Src/stm32f1xx_hal_exti.c ****   * If no LICENSE file comes with this software, it is provided AS-IS.
  20:Drivers/STM32F1xx_HAL_Driver/Src/stm32f1xx_hal_exti.c ****   *
  21:Drivers/STM32F1xx_HAL_Driver/Src/stm32f1xx_hal_exti.c ****   ******************************************************************************
  22:Drivers/STM32F1xx_HAL_Driver/Src/stm32f1xx_hal_exti.c ****   @verbatim
  23:Drivers/STM32F1xx_HAL_Driver/Src/stm32f1xx_hal_exti.c ****   ==============================================================================
  24:Drivers/STM32F1xx_HAL_Driver/Src/stm32f1xx_hal_exti.c ****                     ##### EXTI Peripheral features #####
  25:Drivers/STM32F1xx_HAL_Driver/Src/stm32f1xx_hal_exti.c ****   ==============================================================================
  26:Drivers/STM32F1xx_HAL_Driver/Src/stm32f1xx_hal_exti.c ****   [..]
  27:Drivers/STM32F1xx_HAL_Driver/Src/stm32f1xx_hal_exti.c ****     (+) Each Exti line can be configured within this driver.
  28:Drivers/STM32F1xx_HAL_Driver/Src/stm32f1xx_hal_exti.c **** 
  29:Drivers/STM32F1xx_HAL_Driver/Src/stm32f1xx_hal_exti.c ****     (+) Exti line can be configured in 3 different modes
  30:Drivers/STM32F1xx_HAL_Driver/Src/stm32f1xx_hal_exti.c ****         (++) Interrupt
  31:Drivers/STM32F1xx_HAL_Driver/Src/stm32f1xx_hal_exti.c ****         (++) Event
ARM GAS  C:\Users\Kaa\AppData\Local\Temp\ccf9Zh6a.s 			page 2


  32:Drivers/STM32F1xx_HAL_Driver/Src/stm32f1xx_hal_exti.c ****         (++) Both of them
  33:Drivers/STM32F1xx_HAL_Driver/Src/stm32f1xx_hal_exti.c **** 
  34:Drivers/STM32F1xx_HAL_Driver/Src/stm32f1xx_hal_exti.c ****     (+) Configurable Exti lines can be configured with 3 different triggers
  35:Drivers/STM32F1xx_HAL_Driver/Src/stm32f1xx_hal_exti.c ****         (++) Rising
  36:Drivers/STM32F1xx_HAL_Driver/Src/stm32f1xx_hal_exti.c ****         (++) Falling
  37:Drivers/STM32F1xx_HAL_Driver/Src/stm32f1xx_hal_exti.c ****         (++) Both of them
  38:Drivers/STM32F1xx_HAL_Driver/Src/stm32f1xx_hal_exti.c **** 
  39:Drivers/STM32F1xx_HAL_Driver/Src/stm32f1xx_hal_exti.c ****     (+) When set in interrupt mode, configurable Exti lines have two different
  40:Drivers/STM32F1xx_HAL_Driver/Src/stm32f1xx_hal_exti.c ****         interrupts pending registers which allow to distinguish which transition
  41:Drivers/STM32F1xx_HAL_Driver/Src/stm32f1xx_hal_exti.c ****         occurs:
  42:Drivers/STM32F1xx_HAL_Driver/Src/stm32f1xx_hal_exti.c ****         (++) Rising edge pending interrupt
  43:Drivers/STM32F1xx_HAL_Driver/Src/stm32f1xx_hal_exti.c ****         (++) Falling
  44:Drivers/STM32F1xx_HAL_Driver/Src/stm32f1xx_hal_exti.c **** 
  45:Drivers/STM32F1xx_HAL_Driver/Src/stm32f1xx_hal_exti.c ****     (+) Exti lines 0 to 15 are linked to gpio pin number 0 to 15. Gpio port can
  46:Drivers/STM32F1xx_HAL_Driver/Src/stm32f1xx_hal_exti.c ****         be selected through multiplexer.
  47:Drivers/STM32F1xx_HAL_Driver/Src/stm32f1xx_hal_exti.c **** 
  48:Drivers/STM32F1xx_HAL_Driver/Src/stm32f1xx_hal_exti.c ****                      ##### How to use this driver #####
  49:Drivers/STM32F1xx_HAL_Driver/Src/stm32f1xx_hal_exti.c ****   ==============================================================================
  50:Drivers/STM32F1xx_HAL_Driver/Src/stm32f1xx_hal_exti.c ****   [..]
  51:Drivers/STM32F1xx_HAL_Driver/Src/stm32f1xx_hal_exti.c **** 
  52:Drivers/STM32F1xx_HAL_Driver/Src/stm32f1xx_hal_exti.c ****     (#) Configure the EXTI line using HAL_EXTI_SetConfigLine().
  53:Drivers/STM32F1xx_HAL_Driver/Src/stm32f1xx_hal_exti.c ****         (++) Choose the interrupt line number by setting "Line" member from
  54:Drivers/STM32F1xx_HAL_Driver/Src/stm32f1xx_hal_exti.c ****              EXTI_ConfigTypeDef structure.
  55:Drivers/STM32F1xx_HAL_Driver/Src/stm32f1xx_hal_exti.c ****         (++) Configure the interrupt and/or event mode using "Mode" member from
  56:Drivers/STM32F1xx_HAL_Driver/Src/stm32f1xx_hal_exti.c ****              EXTI_ConfigTypeDef structure.
  57:Drivers/STM32F1xx_HAL_Driver/Src/stm32f1xx_hal_exti.c ****         (++) For configurable lines, configure rising and/or falling trigger
  58:Drivers/STM32F1xx_HAL_Driver/Src/stm32f1xx_hal_exti.c ****              "Trigger" member from EXTI_ConfigTypeDef structure.
  59:Drivers/STM32F1xx_HAL_Driver/Src/stm32f1xx_hal_exti.c ****         (++) For Exti lines linked to gpio, choose gpio port using "GPIOSel"
  60:Drivers/STM32F1xx_HAL_Driver/Src/stm32f1xx_hal_exti.c ****              member from GPIO_InitTypeDef structure.
  61:Drivers/STM32F1xx_HAL_Driver/Src/stm32f1xx_hal_exti.c **** 
  62:Drivers/STM32F1xx_HAL_Driver/Src/stm32f1xx_hal_exti.c ****     (#) Get current Exti configuration of a dedicated line using
  63:Drivers/STM32F1xx_HAL_Driver/Src/stm32f1xx_hal_exti.c ****         HAL_EXTI_GetConfigLine().
  64:Drivers/STM32F1xx_HAL_Driver/Src/stm32f1xx_hal_exti.c ****         (++) Provide exiting handle as parameter.
  65:Drivers/STM32F1xx_HAL_Driver/Src/stm32f1xx_hal_exti.c ****         (++) Provide pointer on EXTI_ConfigTypeDef structure as second parameter.
  66:Drivers/STM32F1xx_HAL_Driver/Src/stm32f1xx_hal_exti.c **** 
  67:Drivers/STM32F1xx_HAL_Driver/Src/stm32f1xx_hal_exti.c ****     (#) Clear Exti configuration of a dedicated line using HAL_EXTI_ClearConfigLine().
  68:Drivers/STM32F1xx_HAL_Driver/Src/stm32f1xx_hal_exti.c ****         (++) Provide exiting handle as parameter.
  69:Drivers/STM32F1xx_HAL_Driver/Src/stm32f1xx_hal_exti.c **** 
  70:Drivers/STM32F1xx_HAL_Driver/Src/stm32f1xx_hal_exti.c ****     (#) Register callback to treat Exti interrupts using HAL_EXTI_RegisterCallback().
  71:Drivers/STM32F1xx_HAL_Driver/Src/stm32f1xx_hal_exti.c ****         (++) Provide exiting handle as first parameter.
  72:Drivers/STM32F1xx_HAL_Driver/Src/stm32f1xx_hal_exti.c ****         (++) Provide which callback will be registered using one value from
  73:Drivers/STM32F1xx_HAL_Driver/Src/stm32f1xx_hal_exti.c ****              EXTI_CallbackIDTypeDef.
  74:Drivers/STM32F1xx_HAL_Driver/Src/stm32f1xx_hal_exti.c ****         (++) Provide callback function pointer.
  75:Drivers/STM32F1xx_HAL_Driver/Src/stm32f1xx_hal_exti.c **** 
  76:Drivers/STM32F1xx_HAL_Driver/Src/stm32f1xx_hal_exti.c ****     (#) Get interrupt pending bit using HAL_EXTI_GetPending().
  77:Drivers/STM32F1xx_HAL_Driver/Src/stm32f1xx_hal_exti.c **** 
  78:Drivers/STM32F1xx_HAL_Driver/Src/stm32f1xx_hal_exti.c ****     (#) Clear interrupt pending bit using HAL_EXTI_ClearPending().
  79:Drivers/STM32F1xx_HAL_Driver/Src/stm32f1xx_hal_exti.c **** 
  80:Drivers/STM32F1xx_HAL_Driver/Src/stm32f1xx_hal_exti.c ****     (#) Generate software interrupt using HAL_EXTI_GenerateSWI().
  81:Drivers/STM32F1xx_HAL_Driver/Src/stm32f1xx_hal_exti.c **** 
  82:Drivers/STM32F1xx_HAL_Driver/Src/stm32f1xx_hal_exti.c ****   @endverbatim
  83:Drivers/STM32F1xx_HAL_Driver/Src/stm32f1xx_hal_exti.c ****   */
  84:Drivers/STM32F1xx_HAL_Driver/Src/stm32f1xx_hal_exti.c **** 
  85:Drivers/STM32F1xx_HAL_Driver/Src/stm32f1xx_hal_exti.c **** /* Includes ------------------------------------------------------------------*/
  86:Drivers/STM32F1xx_HAL_Driver/Src/stm32f1xx_hal_exti.c **** #include "stm32f1xx_hal.h"
  87:Drivers/STM32F1xx_HAL_Driver/Src/stm32f1xx_hal_exti.c **** 
  88:Drivers/STM32F1xx_HAL_Driver/Src/stm32f1xx_hal_exti.c **** /** @addtogroup STM32F1xx_HAL_Driver
ARM GAS  C:\Users\Kaa\AppData\Local\Temp\ccf9Zh6a.s 			page 3


  89:Drivers/STM32F1xx_HAL_Driver/Src/stm32f1xx_hal_exti.c ****   * @{
  90:Drivers/STM32F1xx_HAL_Driver/Src/stm32f1xx_hal_exti.c ****   */
  91:Drivers/STM32F1xx_HAL_Driver/Src/stm32f1xx_hal_exti.c **** 
  92:Drivers/STM32F1xx_HAL_Driver/Src/stm32f1xx_hal_exti.c **** /** @addtogroup EXTI
  93:Drivers/STM32F1xx_HAL_Driver/Src/stm32f1xx_hal_exti.c ****   * @{
  94:Drivers/STM32F1xx_HAL_Driver/Src/stm32f1xx_hal_exti.c ****   */
  95:Drivers/STM32F1xx_HAL_Driver/Src/stm32f1xx_hal_exti.c **** /** MISRA C:2012 deviation rule has been granted for following rule:
  96:Drivers/STM32F1xx_HAL_Driver/Src/stm32f1xx_hal_exti.c ****   * Rule-18.1_b - Medium: Array `EXTICR' 1st subscript interval [0,7] may be out
  97:Drivers/STM32F1xx_HAL_Driver/Src/stm32f1xx_hal_exti.c ****   * of bounds [0,3] in following API :
  98:Drivers/STM32F1xx_HAL_Driver/Src/stm32f1xx_hal_exti.c ****   * HAL_EXTI_SetConfigLine
  99:Drivers/STM32F1xx_HAL_Driver/Src/stm32f1xx_hal_exti.c ****   * HAL_EXTI_GetConfigLine
 100:Drivers/STM32F1xx_HAL_Driver/Src/stm32f1xx_hal_exti.c ****   * HAL_EXTI_ClearConfigLine
 101:Drivers/STM32F1xx_HAL_Driver/Src/stm32f1xx_hal_exti.c ****   */
 102:Drivers/STM32F1xx_HAL_Driver/Src/stm32f1xx_hal_exti.c **** 
 103:Drivers/STM32F1xx_HAL_Driver/Src/stm32f1xx_hal_exti.c **** #ifdef HAL_EXTI_MODULE_ENABLED
 104:Drivers/STM32F1xx_HAL_Driver/Src/stm32f1xx_hal_exti.c **** 
 105:Drivers/STM32F1xx_HAL_Driver/Src/stm32f1xx_hal_exti.c **** /* Private typedef -----------------------------------------------------------*/
 106:Drivers/STM32F1xx_HAL_Driver/Src/stm32f1xx_hal_exti.c **** /* Private defines -----------------------------------------------------------*/
 107:Drivers/STM32F1xx_HAL_Driver/Src/stm32f1xx_hal_exti.c **** /** @defgroup EXTI_Private_Constants EXTI Private Constants
 108:Drivers/STM32F1xx_HAL_Driver/Src/stm32f1xx_hal_exti.c ****   * @{
 109:Drivers/STM32F1xx_HAL_Driver/Src/stm32f1xx_hal_exti.c ****   */
 110:Drivers/STM32F1xx_HAL_Driver/Src/stm32f1xx_hal_exti.c **** 
 111:Drivers/STM32F1xx_HAL_Driver/Src/stm32f1xx_hal_exti.c **** /**
 112:Drivers/STM32F1xx_HAL_Driver/Src/stm32f1xx_hal_exti.c ****   * @}
 113:Drivers/STM32F1xx_HAL_Driver/Src/stm32f1xx_hal_exti.c ****   */
 114:Drivers/STM32F1xx_HAL_Driver/Src/stm32f1xx_hal_exti.c **** 
 115:Drivers/STM32F1xx_HAL_Driver/Src/stm32f1xx_hal_exti.c **** /* Private macros ------------------------------------------------------------*/
 116:Drivers/STM32F1xx_HAL_Driver/Src/stm32f1xx_hal_exti.c **** /* Private variables ---------------------------------------------------------*/
 117:Drivers/STM32F1xx_HAL_Driver/Src/stm32f1xx_hal_exti.c **** /* Private function prototypes -----------------------------------------------*/
 118:Drivers/STM32F1xx_HAL_Driver/Src/stm32f1xx_hal_exti.c **** /* Exported functions --------------------------------------------------------*/
 119:Drivers/STM32F1xx_HAL_Driver/Src/stm32f1xx_hal_exti.c **** 
 120:Drivers/STM32F1xx_HAL_Driver/Src/stm32f1xx_hal_exti.c **** /** @addtogroup EXTI_Exported_Functions
 121:Drivers/STM32F1xx_HAL_Driver/Src/stm32f1xx_hal_exti.c ****   * @{
 122:Drivers/STM32F1xx_HAL_Driver/Src/stm32f1xx_hal_exti.c ****   */
 123:Drivers/STM32F1xx_HAL_Driver/Src/stm32f1xx_hal_exti.c **** 
 124:Drivers/STM32F1xx_HAL_Driver/Src/stm32f1xx_hal_exti.c **** /** @addtogroup EXTI_Exported_Functions_Group1
 125:Drivers/STM32F1xx_HAL_Driver/Src/stm32f1xx_hal_exti.c ****   *  @brief    Configuration functions
 126:Drivers/STM32F1xx_HAL_Driver/Src/stm32f1xx_hal_exti.c ****   *
 127:Drivers/STM32F1xx_HAL_Driver/Src/stm32f1xx_hal_exti.c **** @verbatim
 128:Drivers/STM32F1xx_HAL_Driver/Src/stm32f1xx_hal_exti.c ****  ===============================================================================
 129:Drivers/STM32F1xx_HAL_Driver/Src/stm32f1xx_hal_exti.c ****               ##### Configuration functions #####
 130:Drivers/STM32F1xx_HAL_Driver/Src/stm32f1xx_hal_exti.c ****  ===============================================================================
 131:Drivers/STM32F1xx_HAL_Driver/Src/stm32f1xx_hal_exti.c **** 
 132:Drivers/STM32F1xx_HAL_Driver/Src/stm32f1xx_hal_exti.c **** @endverbatim
 133:Drivers/STM32F1xx_HAL_Driver/Src/stm32f1xx_hal_exti.c ****   * @{
 134:Drivers/STM32F1xx_HAL_Driver/Src/stm32f1xx_hal_exti.c ****   */
 135:Drivers/STM32F1xx_HAL_Driver/Src/stm32f1xx_hal_exti.c **** 
 136:Drivers/STM32F1xx_HAL_Driver/Src/stm32f1xx_hal_exti.c **** /**
 137:Drivers/STM32F1xx_HAL_Driver/Src/stm32f1xx_hal_exti.c ****   * @brief  Set configuration of a dedicated Exti line.
 138:Drivers/STM32F1xx_HAL_Driver/Src/stm32f1xx_hal_exti.c ****   * @param  hexti Exti handle.
 139:Drivers/STM32F1xx_HAL_Driver/Src/stm32f1xx_hal_exti.c ****   * @param  pExtiConfig Pointer on EXTI configuration to be set.
 140:Drivers/STM32F1xx_HAL_Driver/Src/stm32f1xx_hal_exti.c ****   * @retval HAL Status.
 141:Drivers/STM32F1xx_HAL_Driver/Src/stm32f1xx_hal_exti.c ****   */
 142:Drivers/STM32F1xx_HAL_Driver/Src/stm32f1xx_hal_exti.c **** HAL_StatusTypeDef HAL_EXTI_SetConfigLine(EXTI_HandleTypeDef *hexti, EXTI_ConfigTypeDef *pExtiConfig
 143:Drivers/STM32F1xx_HAL_Driver/Src/stm32f1xx_hal_exti.c **** {
  28              		.loc 1 143 1 view -0
  29              		.cfi_startproc
ARM GAS  C:\Users\Kaa\AppData\Local\Temp\ccf9Zh6a.s 			page 4


  30              		@ args = 0, pretend = 0, frame = 0
  31              		@ frame_needed = 0, uses_anonymous_args = 0
  32              		@ link register save eliminated.
 144:Drivers/STM32F1xx_HAL_Driver/Src/stm32f1xx_hal_exti.c ****   uint32_t regval;
  33              		.loc 1 144 3 view .LVU1
 145:Drivers/STM32F1xx_HAL_Driver/Src/stm32f1xx_hal_exti.c ****   uint32_t linepos;
  34              		.loc 1 145 3 view .LVU2
 146:Drivers/STM32F1xx_HAL_Driver/Src/stm32f1xx_hal_exti.c ****   uint32_t maskline;
  35              		.loc 1 146 3 view .LVU3
 147:Drivers/STM32F1xx_HAL_Driver/Src/stm32f1xx_hal_exti.c **** 
 148:Drivers/STM32F1xx_HAL_Driver/Src/stm32f1xx_hal_exti.c ****   /* Check null pointer */
 149:Drivers/STM32F1xx_HAL_Driver/Src/stm32f1xx_hal_exti.c ****   if ((hexti == NULL) || (pExtiConfig == NULL))
  36              		.loc 1 149 3 view .LVU4
  37              		.loc 1 149 6 is_stmt 0 view .LVU5
  38 0000 0028     		cmp	r0, #0
  39 0002 60D0     		beq	.L11
  40              		.loc 1 149 23 discriminator 1 view .LVU6
  41 0004 0029     		cmp	r1, #0
  42 0006 60D0     		beq	.L12
 143:Drivers/STM32F1xx_HAL_Driver/Src/stm32f1xx_hal_exti.c ****   uint32_t regval;
  43              		.loc 1 143 1 view .LVU7
  44 0008 70B4     		push	{r4, r5, r6}
  45              	.LCFI0:
  46              		.cfi_def_cfa_offset 12
  47              		.cfi_offset 4, -12
  48              		.cfi_offset 5, -8
  49              		.cfi_offset 6, -4
 150:Drivers/STM32F1xx_HAL_Driver/Src/stm32f1xx_hal_exti.c ****   {
 151:Drivers/STM32F1xx_HAL_Driver/Src/stm32f1xx_hal_exti.c ****     return HAL_ERROR;
 152:Drivers/STM32F1xx_HAL_Driver/Src/stm32f1xx_hal_exti.c ****   }
 153:Drivers/STM32F1xx_HAL_Driver/Src/stm32f1xx_hal_exti.c **** 
 154:Drivers/STM32F1xx_HAL_Driver/Src/stm32f1xx_hal_exti.c ****   /* Check parameters */
 155:Drivers/STM32F1xx_HAL_Driver/Src/stm32f1xx_hal_exti.c ****   assert_param(IS_EXTI_LINE(pExtiConfig->Line));
  50              		.loc 1 155 3 is_stmt 1 view .LVU8
 156:Drivers/STM32F1xx_HAL_Driver/Src/stm32f1xx_hal_exti.c ****   assert_param(IS_EXTI_MODE(pExtiConfig->Mode));
  51              		.loc 1 156 3 view .LVU9
 157:Drivers/STM32F1xx_HAL_Driver/Src/stm32f1xx_hal_exti.c **** 
 158:Drivers/STM32F1xx_HAL_Driver/Src/stm32f1xx_hal_exti.c ****   /* Assign line number to handle */
 159:Drivers/STM32F1xx_HAL_Driver/Src/stm32f1xx_hal_exti.c ****   hexti->Line = pExtiConfig->Line;
  52              		.loc 1 159 3 view .LVU10
  53              		.loc 1 159 28 is_stmt 0 view .LVU11
  54 000a 0A68     		ldr	r2, [r1]
  55              		.loc 1 159 15 view .LVU12
  56 000c 0260     		str	r2, [r0]
 160:Drivers/STM32F1xx_HAL_Driver/Src/stm32f1xx_hal_exti.c **** 
 161:Drivers/STM32F1xx_HAL_Driver/Src/stm32f1xx_hal_exti.c ****   /* Compute line mask */
 162:Drivers/STM32F1xx_HAL_Driver/Src/stm32f1xx_hal_exti.c ****   linepos = (pExtiConfig->Line & EXTI_PIN_MASK);
  57              		.loc 1 162 3 is_stmt 1 view .LVU13
  58              		.loc 1 162 11 is_stmt 0 view .LVU14
  59 000e 02F01F00 		and	r0, r2, #31
  60              	.LVL1:
 163:Drivers/STM32F1xx_HAL_Driver/Src/stm32f1xx_hal_exti.c ****   maskline = (1uL << linepos);
  61              		.loc 1 163 3 is_stmt 1 view .LVU15
  62              		.loc 1 163 12 is_stmt 0 view .LVU16
  63 0012 0123     		movs	r3, #1
  64 0014 8340     		lsls	r3, r3, r0
  65              	.LVL2:
ARM GAS  C:\Users\Kaa\AppData\Local\Temp\ccf9Zh6a.s 			page 5


 164:Drivers/STM32F1xx_HAL_Driver/Src/stm32f1xx_hal_exti.c **** 
 165:Drivers/STM32F1xx_HAL_Driver/Src/stm32f1xx_hal_exti.c ****   /* Configure triggers for configurable lines */
 166:Drivers/STM32F1xx_HAL_Driver/Src/stm32f1xx_hal_exti.c ****   if ((pExtiConfig->Line & EXTI_CONFIG) != 0x00u)
  66              		.loc 1 166 3 is_stmt 1 view .LVU17
  67              		.loc 1 166 6 is_stmt 0 view .LVU18
  68 0016 12F0007F 		tst	r2, #33554432
  69 001a 15D0     		beq	.L3
 167:Drivers/STM32F1xx_HAL_Driver/Src/stm32f1xx_hal_exti.c ****   {
 168:Drivers/STM32F1xx_HAL_Driver/Src/stm32f1xx_hal_exti.c ****     assert_param(IS_EXTI_TRIGGER(pExtiConfig->Trigger));
  70              		.loc 1 168 5 is_stmt 1 view .LVU19
 169:Drivers/STM32F1xx_HAL_Driver/Src/stm32f1xx_hal_exti.c **** 
 170:Drivers/STM32F1xx_HAL_Driver/Src/stm32f1xx_hal_exti.c ****     /* Configure rising trigger */
 171:Drivers/STM32F1xx_HAL_Driver/Src/stm32f1xx_hal_exti.c ****     /* Mask or set line */
 172:Drivers/STM32F1xx_HAL_Driver/Src/stm32f1xx_hal_exti.c ****     if ((pExtiConfig->Trigger & EXTI_TRIGGER_RISING) != 0x00u)
  71              		.loc 1 172 5 view .LVU20
  72              		.loc 1 172 21 is_stmt 0 view .LVU21
  73 001c 8C68     		ldr	r4, [r1, #8]
  74              		.loc 1 172 8 view .LVU22
  75 001e 14F0010F 		tst	r4, #1
  76 0022 24D0     		beq	.L4
 173:Drivers/STM32F1xx_HAL_Driver/Src/stm32f1xx_hal_exti.c ****     {
 174:Drivers/STM32F1xx_HAL_Driver/Src/stm32f1xx_hal_exti.c ****       EXTI->RTSR |= maskline;
  77              		.loc 1 174 7 is_stmt 1 view .LVU23
  78              		.loc 1 174 18 is_stmt 0 view .LVU24
  79 0024 2A4D     		ldr	r5, .L18
  80 0026 AC68     		ldr	r4, [r5, #8]
  81 0028 1C43     		orrs	r4, r4, r3
  82 002a AC60     		str	r4, [r5, #8]
  83              	.L5:
 175:Drivers/STM32F1xx_HAL_Driver/Src/stm32f1xx_hal_exti.c ****     }
 176:Drivers/STM32F1xx_HAL_Driver/Src/stm32f1xx_hal_exti.c ****     else
 177:Drivers/STM32F1xx_HAL_Driver/Src/stm32f1xx_hal_exti.c ****     {
 178:Drivers/STM32F1xx_HAL_Driver/Src/stm32f1xx_hal_exti.c ****       EXTI->RTSR &= ~maskline;
 179:Drivers/STM32F1xx_HAL_Driver/Src/stm32f1xx_hal_exti.c ****     }
 180:Drivers/STM32F1xx_HAL_Driver/Src/stm32f1xx_hal_exti.c **** 
 181:Drivers/STM32F1xx_HAL_Driver/Src/stm32f1xx_hal_exti.c ****     /* Configure falling trigger */
 182:Drivers/STM32F1xx_HAL_Driver/Src/stm32f1xx_hal_exti.c ****     /* Mask or set line */
 183:Drivers/STM32F1xx_HAL_Driver/Src/stm32f1xx_hal_exti.c ****     if ((pExtiConfig->Trigger & EXTI_TRIGGER_FALLING) != 0x00u)
  84              		.loc 1 183 5 is_stmt 1 view .LVU25
  85              		.loc 1 183 21 is_stmt 0 view .LVU26
  86 002c 8C68     		ldr	r4, [r1, #8]
  87              		.loc 1 183 8 view .LVU27
  88 002e 14F0020F 		tst	r4, #2
  89 0032 22D0     		beq	.L6
 184:Drivers/STM32F1xx_HAL_Driver/Src/stm32f1xx_hal_exti.c ****     {
 185:Drivers/STM32F1xx_HAL_Driver/Src/stm32f1xx_hal_exti.c ****       EXTI->FTSR |= maskline;
  90              		.loc 1 185 7 is_stmt 1 view .LVU28
  91              		.loc 1 185 18 is_stmt 0 view .LVU29
  92 0034 264D     		ldr	r5, .L18
  93 0036 EC68     		ldr	r4, [r5, #12]
  94 0038 1C43     		orrs	r4, r4, r3
  95 003a EC60     		str	r4, [r5, #12]
  96              	.L7:
 186:Drivers/STM32F1xx_HAL_Driver/Src/stm32f1xx_hal_exti.c ****     }
 187:Drivers/STM32F1xx_HAL_Driver/Src/stm32f1xx_hal_exti.c ****     else
 188:Drivers/STM32F1xx_HAL_Driver/Src/stm32f1xx_hal_exti.c ****     {
 189:Drivers/STM32F1xx_HAL_Driver/Src/stm32f1xx_hal_exti.c ****       EXTI->FTSR &= ~maskline;
ARM GAS  C:\Users\Kaa\AppData\Local\Temp\ccf9Zh6a.s 			page 6


 190:Drivers/STM32F1xx_HAL_Driver/Src/stm32f1xx_hal_exti.c ****     }
 191:Drivers/STM32F1xx_HAL_Driver/Src/stm32f1xx_hal_exti.c **** 
 192:Drivers/STM32F1xx_HAL_Driver/Src/stm32f1xx_hal_exti.c **** 
 193:Drivers/STM32F1xx_HAL_Driver/Src/stm32f1xx_hal_exti.c ****     /* Configure gpio port selection in case of gpio exti line */
 194:Drivers/STM32F1xx_HAL_Driver/Src/stm32f1xx_hal_exti.c ****     if ((pExtiConfig->Line & EXTI_GPIO) == EXTI_GPIO)
  97              		.loc 1 194 5 is_stmt 1 view .LVU30
  98              		.loc 1 194 21 is_stmt 0 view .LVU31
  99 003c 0C68     		ldr	r4, [r1]
 100              		.loc 1 194 28 view .LVU32
 101 003e 04F0C064 		and	r4, r4, #100663296
 102              		.loc 1 194 8 view .LVU33
 103 0042 B4F1C06F 		cmp	r4, #100663296
 104 0046 1ED0     		beq	.L17
 105              	.LVL3:
 106              	.L3:
 195:Drivers/STM32F1xx_HAL_Driver/Src/stm32f1xx_hal_exti.c ****     {
 196:Drivers/STM32F1xx_HAL_Driver/Src/stm32f1xx_hal_exti.c ****       assert_param(IS_EXTI_GPIO_PORT(pExtiConfig->GPIOSel));
 197:Drivers/STM32F1xx_HAL_Driver/Src/stm32f1xx_hal_exti.c ****       assert_param(IS_EXTI_GPIO_PIN(linepos));
 198:Drivers/STM32F1xx_HAL_Driver/Src/stm32f1xx_hal_exti.c ****       
 199:Drivers/STM32F1xx_HAL_Driver/Src/stm32f1xx_hal_exti.c ****       regval = AFIO->EXTICR[linepos >> 2u];
 200:Drivers/STM32F1xx_HAL_Driver/Src/stm32f1xx_hal_exti.c ****       regval &= ~(AFIO_EXTICR1_EXTI0 << (AFIO_EXTICR1_EXTI1_Pos * (linepos & 0x03u)));
 201:Drivers/STM32F1xx_HAL_Driver/Src/stm32f1xx_hal_exti.c ****       regval |= (pExtiConfig->GPIOSel << (AFIO_EXTICR1_EXTI1_Pos * (linepos & 0x03u)));
 202:Drivers/STM32F1xx_HAL_Driver/Src/stm32f1xx_hal_exti.c ****       AFIO->EXTICR[linepos >> 2u] = regval;
 203:Drivers/STM32F1xx_HAL_Driver/Src/stm32f1xx_hal_exti.c ****     }
 204:Drivers/STM32F1xx_HAL_Driver/Src/stm32f1xx_hal_exti.c ****   }
 205:Drivers/STM32F1xx_HAL_Driver/Src/stm32f1xx_hal_exti.c **** 
 206:Drivers/STM32F1xx_HAL_Driver/Src/stm32f1xx_hal_exti.c ****   /* Configure interrupt mode : read current mode */
 207:Drivers/STM32F1xx_HAL_Driver/Src/stm32f1xx_hal_exti.c ****   /* Mask or set line */
 208:Drivers/STM32F1xx_HAL_Driver/Src/stm32f1xx_hal_exti.c ****   if ((pExtiConfig->Mode & EXTI_MODE_INTERRUPT) != 0x00u)
 107              		.loc 1 208 3 is_stmt 1 view .LVU34
 108              		.loc 1 208 19 is_stmt 0 view .LVU35
 109 0048 4A68     		ldr	r2, [r1, #4]
 110              		.loc 1 208 6 view .LVU36
 111 004a 12F0010F 		tst	r2, #1
 112 004e 2DD0     		beq	.L8
 209:Drivers/STM32F1xx_HAL_Driver/Src/stm32f1xx_hal_exti.c ****   {
 210:Drivers/STM32F1xx_HAL_Driver/Src/stm32f1xx_hal_exti.c ****     EXTI->IMR |= maskline;
 113              		.loc 1 210 5 is_stmt 1 view .LVU37
 114              		.loc 1 210 15 is_stmt 0 view .LVU38
 115 0050 1F48     		ldr	r0, .L18
 116 0052 0268     		ldr	r2, [r0]
 117 0054 1A43     		orrs	r2, r2, r3
 118 0056 0260     		str	r2, [r0]
 119              	.L9:
 211:Drivers/STM32F1xx_HAL_Driver/Src/stm32f1xx_hal_exti.c ****   }
 212:Drivers/STM32F1xx_HAL_Driver/Src/stm32f1xx_hal_exti.c ****   else
 213:Drivers/STM32F1xx_HAL_Driver/Src/stm32f1xx_hal_exti.c ****   {
 214:Drivers/STM32F1xx_HAL_Driver/Src/stm32f1xx_hal_exti.c ****     EXTI->IMR &= ~maskline;
 215:Drivers/STM32F1xx_HAL_Driver/Src/stm32f1xx_hal_exti.c ****   }
 216:Drivers/STM32F1xx_HAL_Driver/Src/stm32f1xx_hal_exti.c **** 
 217:Drivers/STM32F1xx_HAL_Driver/Src/stm32f1xx_hal_exti.c ****   /* Configure event mode : read current mode */
 218:Drivers/STM32F1xx_HAL_Driver/Src/stm32f1xx_hal_exti.c ****   /* Mask or set line */
 219:Drivers/STM32F1xx_HAL_Driver/Src/stm32f1xx_hal_exti.c ****   if ((pExtiConfig->Mode & EXTI_MODE_EVENT) != 0x00u)
 120              		.loc 1 219 3 is_stmt 1 view .LVU39
 121              		.loc 1 219 19 is_stmt 0 view .LVU40
 122 0058 4A68     		ldr	r2, [r1, #4]
 123              		.loc 1 219 6 view .LVU41
ARM GAS  C:\Users\Kaa\AppData\Local\Temp\ccf9Zh6a.s 			page 7


 124 005a 12F0020F 		tst	r2, #2
 125 005e 2BD0     		beq	.L10
 220:Drivers/STM32F1xx_HAL_Driver/Src/stm32f1xx_hal_exti.c ****   {
 221:Drivers/STM32F1xx_HAL_Driver/Src/stm32f1xx_hal_exti.c ****     EXTI->EMR |= maskline;
 126              		.loc 1 221 5 is_stmt 1 view .LVU42
 127              		.loc 1 221 15 is_stmt 0 view .LVU43
 128 0060 1B49     		ldr	r1, .L18
 129              	.LVL4:
 130              		.loc 1 221 15 view .LVU44
 131 0062 4A68     		ldr	r2, [r1, #4]
 132 0064 1343     		orrs	r3, r3, r2
 133              	.LVL5:
 134              		.loc 1 221 15 view .LVU45
 135 0066 4B60     		str	r3, [r1, #4]
 222:Drivers/STM32F1xx_HAL_Driver/Src/stm32f1xx_hal_exti.c ****   }
 223:Drivers/STM32F1xx_HAL_Driver/Src/stm32f1xx_hal_exti.c ****   else
 224:Drivers/STM32F1xx_HAL_Driver/Src/stm32f1xx_hal_exti.c ****   {
 225:Drivers/STM32F1xx_HAL_Driver/Src/stm32f1xx_hal_exti.c ****     EXTI->EMR &= ~maskline;
 226:Drivers/STM32F1xx_HAL_Driver/Src/stm32f1xx_hal_exti.c ****   }
 227:Drivers/STM32F1xx_HAL_Driver/Src/stm32f1xx_hal_exti.c **** 
 228:Drivers/STM32F1xx_HAL_Driver/Src/stm32f1xx_hal_exti.c ****   return HAL_OK;
 136              		.loc 1 228 10 view .LVU46
 137 0068 0020     		movs	r0, #0
 138              	.L2:
 229:Drivers/STM32F1xx_HAL_Driver/Src/stm32f1xx_hal_exti.c **** }
 139              		.loc 1 229 1 view .LVU47
 140 006a 70BC     		pop	{r4, r5, r6}
 141              	.LCFI1:
 142              		.cfi_remember_state
 143              		.cfi_restore 6
 144              		.cfi_restore 5
 145              		.cfi_restore 4
 146              		.cfi_def_cfa_offset 0
 147 006c 7047     		bx	lr
 148              	.LVL6:
 149              	.L4:
 150              	.LCFI2:
 151              		.cfi_restore_state
 178:Drivers/STM32F1xx_HAL_Driver/Src/stm32f1xx_hal_exti.c ****     }
 152              		.loc 1 178 7 is_stmt 1 view .LVU48
 178:Drivers/STM32F1xx_HAL_Driver/Src/stm32f1xx_hal_exti.c ****     }
 153              		.loc 1 178 18 is_stmt 0 view .LVU49
 154 006e 184D     		ldr	r5, .L18
 155 0070 AC68     		ldr	r4, [r5, #8]
 156 0072 24EA0304 		bic	r4, r4, r3
 157 0076 AC60     		str	r4, [r5, #8]
 158 0078 D8E7     		b	.L5
 159              	.L6:
 189:Drivers/STM32F1xx_HAL_Driver/Src/stm32f1xx_hal_exti.c ****     }
 160              		.loc 1 189 7 is_stmt 1 view .LVU50
 189:Drivers/STM32F1xx_HAL_Driver/Src/stm32f1xx_hal_exti.c ****     }
 161              		.loc 1 189 18 is_stmt 0 view .LVU51
 162 007a 154D     		ldr	r5, .L18
 163 007c EC68     		ldr	r4, [r5, #12]
 164 007e 24EA0304 		bic	r4, r4, r3
 165 0082 EC60     		str	r4, [r5, #12]
 166 0084 DAE7     		b	.L7
ARM GAS  C:\Users\Kaa\AppData\Local\Temp\ccf9Zh6a.s 			page 8


 167              	.L17:
 196:Drivers/STM32F1xx_HAL_Driver/Src/stm32f1xx_hal_exti.c ****       assert_param(IS_EXTI_GPIO_PIN(linepos));
 168              		.loc 1 196 7 is_stmt 1 view .LVU52
 197:Drivers/STM32F1xx_HAL_Driver/Src/stm32f1xx_hal_exti.c ****       
 169              		.loc 1 197 7 view .LVU53
 199:Drivers/STM32F1xx_HAL_Driver/Src/stm32f1xx_hal_exti.c ****       regval &= ~(AFIO_EXTICR1_EXTI0 << (AFIO_EXTICR1_EXTI1_Pos * (linepos & 0x03u)));
 170              		.loc 1 199 7 view .LVU54
 199:Drivers/STM32F1xx_HAL_Driver/Src/stm32f1xx_hal_exti.c ****       regval &= ~(AFIO_EXTICR1_EXTI0 << (AFIO_EXTICR1_EXTI1_Pos * (linepos & 0x03u)));
 171              		.loc 1 199 37 is_stmt 0 view .LVU55
 172 0086 8008     		lsrs	r0, r0, #2
 173              	.LVL7:
 199:Drivers/STM32F1xx_HAL_Driver/Src/stm32f1xx_hal_exti.c ****       regval &= ~(AFIO_EXTICR1_EXTI0 << (AFIO_EXTICR1_EXTI1_Pos * (linepos & 0x03u)));
 174              		.loc 1 199 14 view .LVU56
 175 0088 124E     		ldr	r6, .L18+4
 176 008a 0230     		adds	r0, r0, #2
 177 008c 56F82050 		ldr	r5, [r6, r0, lsl #2]
 178              	.LVL8:
 200:Drivers/STM32F1xx_HAL_Driver/Src/stm32f1xx_hal_exti.c ****       regval |= (pExtiConfig->GPIOSel << (AFIO_EXTICR1_EXTI1_Pos * (linepos & 0x03u)));
 179              		.loc 1 200 7 is_stmt 1 view .LVU57
 200:Drivers/STM32F1xx_HAL_Driver/Src/stm32f1xx_hal_exti.c ****       regval |= (pExtiConfig->GPIOSel << (AFIO_EXTICR1_EXTI1_Pos * (linepos & 0x03u)));
 180              		.loc 1 200 76 is_stmt 0 view .LVU58
 181 0090 02F00302 		and	r2, r2, #3
 182              	.LVL9:
 200:Drivers/STM32F1xx_HAL_Driver/Src/stm32f1xx_hal_exti.c ****       regval |= (pExtiConfig->GPIOSel << (AFIO_EXTICR1_EXTI1_Pos * (linepos & 0x03u)));
 183              		.loc 1 200 65 view .LVU59
 184 0094 9200     		lsls	r2, r2, #2
 200:Drivers/STM32F1xx_HAL_Driver/Src/stm32f1xx_hal_exti.c ****       regval |= (pExtiConfig->GPIOSel << (AFIO_EXTICR1_EXTI1_Pos * (linepos & 0x03u)));
 185              		.loc 1 200 38 view .LVU60
 186 0096 0F24     		movs	r4, #15
 187 0098 9440     		lsls	r4, r4, r2
 200:Drivers/STM32F1xx_HAL_Driver/Src/stm32f1xx_hal_exti.c ****       regval |= (pExtiConfig->GPIOSel << (AFIO_EXTICR1_EXTI1_Pos * (linepos & 0x03u)));
 188              		.loc 1 200 14 view .LVU61
 189 009a 25EA0405 		bic	r5, r5, r4
 190              	.LVL10:
 201:Drivers/STM32F1xx_HAL_Driver/Src/stm32f1xx_hal_exti.c ****       AFIO->EXTICR[linepos >> 2u] = regval;
 191              		.loc 1 201 7 is_stmt 1 view .LVU62
 201:Drivers/STM32F1xx_HAL_Driver/Src/stm32f1xx_hal_exti.c ****       AFIO->EXTICR[linepos >> 2u] = regval;
 192              		.loc 1 201 29 is_stmt 0 view .LVU63
 193 009e CC68     		ldr	r4, [r1, #12]
 201:Drivers/STM32F1xx_HAL_Driver/Src/stm32f1xx_hal_exti.c ****       AFIO->EXTICR[linepos >> 2u] = regval;
 194              		.loc 1 201 39 view .LVU64
 195 00a0 04FA02F2 		lsl	r2, r4, r2
 201:Drivers/STM32F1xx_HAL_Driver/Src/stm32f1xx_hal_exti.c ****       AFIO->EXTICR[linepos >> 2u] = regval;
 196              		.loc 1 201 14 view .LVU65
 197 00a4 2A43     		orrs	r2, r2, r5
 198              	.LVL11:
 202:Drivers/STM32F1xx_HAL_Driver/Src/stm32f1xx_hal_exti.c ****     }
 199              		.loc 1 202 7 is_stmt 1 view .LVU66
 202:Drivers/STM32F1xx_HAL_Driver/Src/stm32f1xx_hal_exti.c ****     }
 200              		.loc 1 202 35 is_stmt 0 view .LVU67
 201 00a6 46F82020 		str	r2, [r6, r0, lsl #2]
 202 00aa CDE7     		b	.L3
 203              	.LVL12:
 204              	.L8:
 214:Drivers/STM32F1xx_HAL_Driver/Src/stm32f1xx_hal_exti.c ****   }
 205              		.loc 1 214 5 is_stmt 1 view .LVU68
 214:Drivers/STM32F1xx_HAL_Driver/Src/stm32f1xx_hal_exti.c ****   }
ARM GAS  C:\Users\Kaa\AppData\Local\Temp\ccf9Zh6a.s 			page 9


 206              		.loc 1 214 15 is_stmt 0 view .LVU69
 207 00ac 0848     		ldr	r0, .L18
 208 00ae 0268     		ldr	r2, [r0]
 209 00b0 22EA0302 		bic	r2, r2, r3
 210 00b4 0260     		str	r2, [r0]
 211 00b6 CFE7     		b	.L9
 212              	.L10:
 225:Drivers/STM32F1xx_HAL_Driver/Src/stm32f1xx_hal_exti.c ****   }
 213              		.loc 1 225 5 is_stmt 1 view .LVU70
 225:Drivers/STM32F1xx_HAL_Driver/Src/stm32f1xx_hal_exti.c ****   }
 214              		.loc 1 225 15 is_stmt 0 view .LVU71
 215 00b8 0549     		ldr	r1, .L18
 216              	.LVL13:
 225:Drivers/STM32F1xx_HAL_Driver/Src/stm32f1xx_hal_exti.c ****   }
 217              		.loc 1 225 15 view .LVU72
 218 00ba 4A68     		ldr	r2, [r1, #4]
 219 00bc 22EA0303 		bic	r3, r2, r3
 220              	.LVL14:
 225:Drivers/STM32F1xx_HAL_Driver/Src/stm32f1xx_hal_exti.c ****   }
 221              		.loc 1 225 15 view .LVU73
 222 00c0 4B60     		str	r3, [r1, #4]
 228:Drivers/STM32F1xx_HAL_Driver/Src/stm32f1xx_hal_exti.c **** }
 223              		.loc 1 228 10 view .LVU74
 224 00c2 0020     		movs	r0, #0
 225 00c4 D1E7     		b	.L2
 226              	.LVL15:
 227              	.L11:
 228              	.LCFI3:
 229              		.cfi_def_cfa_offset 0
 230              		.cfi_restore 4
 231              		.cfi_restore 5
 232              		.cfi_restore 6
 151:Drivers/STM32F1xx_HAL_Driver/Src/stm32f1xx_hal_exti.c ****   }
 233              		.loc 1 151 12 view .LVU75
 234 00c6 0120     		movs	r0, #1
 235              	.LVL16:
 151:Drivers/STM32F1xx_HAL_Driver/Src/stm32f1xx_hal_exti.c ****   }
 236              		.loc 1 151 12 view .LVU76
 237 00c8 7047     		bx	lr
 238              	.LVL17:
 239              	.L12:
 151:Drivers/STM32F1xx_HAL_Driver/Src/stm32f1xx_hal_exti.c ****   }
 240              		.loc 1 151 12 view .LVU77
 241 00ca 0120     		movs	r0, #1
 242              	.LVL18:
 243              		.loc 1 229 1 view .LVU78
 244 00cc 7047     		bx	lr
 245              	.L19:
 246 00ce 00BF     		.align	2
 247              	.L18:
 248 00d0 00040140 		.word	1073808384
 249 00d4 00000140 		.word	1073807360
 250              		.cfi_endproc
 251              	.LFE65:
 253              		.section	.text.HAL_EXTI_GetConfigLine,"ax",%progbits
 254              		.align	1
 255              		.global	HAL_EXTI_GetConfigLine
ARM GAS  C:\Users\Kaa\AppData\Local\Temp\ccf9Zh6a.s 			page 10


 256              		.syntax unified
 257              		.thumb
 258              		.thumb_func
 259              		.fpu softvfp
 261              	HAL_EXTI_GetConfigLine:
 262              	.LVL19:
 263              	.LFB66:
 230:Drivers/STM32F1xx_HAL_Driver/Src/stm32f1xx_hal_exti.c **** 
 231:Drivers/STM32F1xx_HAL_Driver/Src/stm32f1xx_hal_exti.c **** /**
 232:Drivers/STM32F1xx_HAL_Driver/Src/stm32f1xx_hal_exti.c ****   * @brief  Get configuration of a dedicated Exti line.
 233:Drivers/STM32F1xx_HAL_Driver/Src/stm32f1xx_hal_exti.c ****   * @param  hexti Exti handle.
 234:Drivers/STM32F1xx_HAL_Driver/Src/stm32f1xx_hal_exti.c ****   * @param  pExtiConfig Pointer on structure to store Exti configuration.
 235:Drivers/STM32F1xx_HAL_Driver/Src/stm32f1xx_hal_exti.c ****   * @retval HAL Status.
 236:Drivers/STM32F1xx_HAL_Driver/Src/stm32f1xx_hal_exti.c ****   */
 237:Drivers/STM32F1xx_HAL_Driver/Src/stm32f1xx_hal_exti.c **** HAL_StatusTypeDef HAL_EXTI_GetConfigLine(EXTI_HandleTypeDef *hexti, EXTI_ConfigTypeDef *pExtiConfig
 238:Drivers/STM32F1xx_HAL_Driver/Src/stm32f1xx_hal_exti.c **** {
 264              		.loc 1 238 1 is_stmt 1 view -0
 265              		.cfi_startproc
 266              		@ args = 0, pretend = 0, frame = 0
 267              		@ frame_needed = 0, uses_anonymous_args = 0
 268              		@ link register save eliminated.
 239:Drivers/STM32F1xx_HAL_Driver/Src/stm32f1xx_hal_exti.c ****   uint32_t regval;
 269              		.loc 1 239 3 view .LVU80
 240:Drivers/STM32F1xx_HAL_Driver/Src/stm32f1xx_hal_exti.c ****   uint32_t linepos;
 270              		.loc 1 240 3 view .LVU81
 241:Drivers/STM32F1xx_HAL_Driver/Src/stm32f1xx_hal_exti.c ****   uint32_t maskline;
 271              		.loc 1 241 3 view .LVU82
 242:Drivers/STM32F1xx_HAL_Driver/Src/stm32f1xx_hal_exti.c **** 
 243:Drivers/STM32F1xx_HAL_Driver/Src/stm32f1xx_hal_exti.c ****   /* Check null pointer */
 244:Drivers/STM32F1xx_HAL_Driver/Src/stm32f1xx_hal_exti.c ****   if ((hexti == NULL) || (pExtiConfig == NULL))
 272              		.loc 1 244 3 view .LVU83
 273              		.loc 1 244 6 is_stmt 0 view .LVU84
 274 0000 0028     		cmp	r0, #0
 275 0002 46D0     		beq	.L27
 276              		.loc 1 244 23 discriminator 1 view .LVU85
 277 0004 0029     		cmp	r1, #0
 278 0006 46D0     		beq	.L28
 238:Drivers/STM32F1xx_HAL_Driver/Src/stm32f1xx_hal_exti.c ****   uint32_t regval;
 279              		.loc 1 238 1 view .LVU86
 280 0008 30B4     		push	{r4, r5}
 281              	.LCFI4:
 282              		.cfi_def_cfa_offset 8
 283              		.cfi_offset 4, -8
 284              		.cfi_offset 5, -4
 245:Drivers/STM32F1xx_HAL_Driver/Src/stm32f1xx_hal_exti.c ****   {
 246:Drivers/STM32F1xx_HAL_Driver/Src/stm32f1xx_hal_exti.c ****     return HAL_ERROR;
 247:Drivers/STM32F1xx_HAL_Driver/Src/stm32f1xx_hal_exti.c ****   }
 248:Drivers/STM32F1xx_HAL_Driver/Src/stm32f1xx_hal_exti.c **** 
 249:Drivers/STM32F1xx_HAL_Driver/Src/stm32f1xx_hal_exti.c ****   /* Check the parameter */
 250:Drivers/STM32F1xx_HAL_Driver/Src/stm32f1xx_hal_exti.c ****   assert_param(IS_EXTI_LINE(hexti->Line));
 285              		.loc 1 250 3 is_stmt 1 view .LVU87
 251:Drivers/STM32F1xx_HAL_Driver/Src/stm32f1xx_hal_exti.c **** 
 252:Drivers/STM32F1xx_HAL_Driver/Src/stm32f1xx_hal_exti.c ****   /* Store handle line number to configuration structure */
 253:Drivers/STM32F1xx_HAL_Driver/Src/stm32f1xx_hal_exti.c ****   pExtiConfig->Line = hexti->Line;
 286              		.loc 1 253 3 view .LVU88
 287              		.loc 1 253 28 is_stmt 0 view .LVU89
 288 000a 0468     		ldr	r4, [r0]
ARM GAS  C:\Users\Kaa\AppData\Local\Temp\ccf9Zh6a.s 			page 11


 289              		.loc 1 253 21 view .LVU90
 290 000c 0C60     		str	r4, [r1]
 254:Drivers/STM32F1xx_HAL_Driver/Src/stm32f1xx_hal_exti.c **** 
 255:Drivers/STM32F1xx_HAL_Driver/Src/stm32f1xx_hal_exti.c ****   /* Compute line mask */
 256:Drivers/STM32F1xx_HAL_Driver/Src/stm32f1xx_hal_exti.c ****   linepos = (pExtiConfig->Line & EXTI_PIN_MASK);
 291              		.loc 1 256 3 is_stmt 1 view .LVU91
 292              		.loc 1 256 11 is_stmt 0 view .LVU92
 293 000e 04F01F05 		and	r5, r4, #31
 294              	.LVL20:
 257:Drivers/STM32F1xx_HAL_Driver/Src/stm32f1xx_hal_exti.c ****   maskline = (1uL << linepos);
 295              		.loc 1 257 3 is_stmt 1 view .LVU93
 296              		.loc 1 257 12 is_stmt 0 view .LVU94
 297 0012 0123     		movs	r3, #1
 298 0014 AB40     		lsls	r3, r3, r5
 299              	.LVL21:
 258:Drivers/STM32F1xx_HAL_Driver/Src/stm32f1xx_hal_exti.c **** 
 259:Drivers/STM32F1xx_HAL_Driver/Src/stm32f1xx_hal_exti.c ****   /* 1] Get core mode : interrupt */
 260:Drivers/STM32F1xx_HAL_Driver/Src/stm32f1xx_hal_exti.c **** 
 261:Drivers/STM32F1xx_HAL_Driver/Src/stm32f1xx_hal_exti.c ****   /* Check if selected line is enable */
 262:Drivers/STM32F1xx_HAL_Driver/Src/stm32f1xx_hal_exti.c ****   if ((EXTI->IMR & maskline) != 0x00u)
 300              		.loc 1 262 3 is_stmt 1 view .LVU95
 301              		.loc 1 262 12 is_stmt 0 view .LVU96
 302 0016 2248     		ldr	r0, .L36
 303              	.LVL22:
 304              		.loc 1 262 12 view .LVU97
 305 0018 0068     		ldr	r0, [r0]
 306              		.loc 1 262 6 view .LVU98
 307 001a 1842     		tst	r0, r3
 308 001c 27D0     		beq	.L22
 263:Drivers/STM32F1xx_HAL_Driver/Src/stm32f1xx_hal_exti.c ****   {
 264:Drivers/STM32F1xx_HAL_Driver/Src/stm32f1xx_hal_exti.c ****     pExtiConfig->Mode = EXTI_MODE_INTERRUPT;
 309              		.loc 1 264 5 is_stmt 1 view .LVU99
 310              		.loc 1 264 23 is_stmt 0 view .LVU100
 311 001e 0122     		movs	r2, #1
 312 0020 4A60     		str	r2, [r1, #4]
 313              	.L23:
 265:Drivers/STM32F1xx_HAL_Driver/Src/stm32f1xx_hal_exti.c ****   }
 266:Drivers/STM32F1xx_HAL_Driver/Src/stm32f1xx_hal_exti.c ****   else
 267:Drivers/STM32F1xx_HAL_Driver/Src/stm32f1xx_hal_exti.c ****   {
 268:Drivers/STM32F1xx_HAL_Driver/Src/stm32f1xx_hal_exti.c ****     pExtiConfig->Mode = EXTI_MODE_NONE;
 269:Drivers/STM32F1xx_HAL_Driver/Src/stm32f1xx_hal_exti.c ****   }
 270:Drivers/STM32F1xx_HAL_Driver/Src/stm32f1xx_hal_exti.c **** 
 271:Drivers/STM32F1xx_HAL_Driver/Src/stm32f1xx_hal_exti.c ****   /* Get event mode */
 272:Drivers/STM32F1xx_HAL_Driver/Src/stm32f1xx_hal_exti.c ****   /* Check if selected line is enable */
 273:Drivers/STM32F1xx_HAL_Driver/Src/stm32f1xx_hal_exti.c ****   if ((EXTI->EMR & maskline) != 0x00u)
 314              		.loc 1 273 3 is_stmt 1 view .LVU101
 315              		.loc 1 273 12 is_stmt 0 view .LVU102
 316 0022 1F48     		ldr	r0, .L36
 317 0024 4068     		ldr	r0, [r0, #4]
 318              		.loc 1 273 6 view .LVU103
 319 0026 1842     		tst	r0, r3
 320 0028 03D0     		beq	.L24
 274:Drivers/STM32F1xx_HAL_Driver/Src/stm32f1xx_hal_exti.c ****   {
 275:Drivers/STM32F1xx_HAL_Driver/Src/stm32f1xx_hal_exti.c ****     pExtiConfig->Mode |= EXTI_MODE_EVENT;
 321              		.loc 1 275 5 is_stmt 1 view .LVU104
 322              		.loc 1 275 23 is_stmt 0 view .LVU105
 323 002a 4868     		ldr	r0, [r1, #4]
ARM GAS  C:\Users\Kaa\AppData\Local\Temp\ccf9Zh6a.s 			page 12


 324 002c 40F00200 		orr	r0, r0, #2
 325 0030 4860     		str	r0, [r1, #4]
 326              	.L24:
 276:Drivers/STM32F1xx_HAL_Driver/Src/stm32f1xx_hal_exti.c ****   }
 277:Drivers/STM32F1xx_HAL_Driver/Src/stm32f1xx_hal_exti.c **** 
 278:Drivers/STM32F1xx_HAL_Driver/Src/stm32f1xx_hal_exti.c ****   /* Get default Trigger and GPIOSel configuration */
 279:Drivers/STM32F1xx_HAL_Driver/Src/stm32f1xx_hal_exti.c ****   pExtiConfig->Trigger = EXTI_TRIGGER_NONE;
 327              		.loc 1 279 3 is_stmt 1 view .LVU106
 328              		.loc 1 279 24 is_stmt 0 view .LVU107
 329 0032 0022     		movs	r2, #0
 330 0034 8A60     		str	r2, [r1, #8]
 280:Drivers/STM32F1xx_HAL_Driver/Src/stm32f1xx_hal_exti.c ****   pExtiConfig->GPIOSel = 0x00u;
 331              		.loc 1 280 3 is_stmt 1 view .LVU108
 332              		.loc 1 280 24 is_stmt 0 view .LVU109
 333 0036 CA60     		str	r2, [r1, #12]
 281:Drivers/STM32F1xx_HAL_Driver/Src/stm32f1xx_hal_exti.c **** 
 282:Drivers/STM32F1xx_HAL_Driver/Src/stm32f1xx_hal_exti.c ****   /* 2] Get trigger for configurable lines : rising */
 283:Drivers/STM32F1xx_HAL_Driver/Src/stm32f1xx_hal_exti.c ****   if ((pExtiConfig->Line & EXTI_CONFIG) != 0x00u)
 334              		.loc 1 283 3 is_stmt 1 view .LVU110
 335              		.loc 1 283 6 is_stmt 0 view .LVU111
 336 0038 14F0007F 		tst	r4, #33554432
 337 003c 2DD0     		beq	.L29
 284:Drivers/STM32F1xx_HAL_Driver/Src/stm32f1xx_hal_exti.c ****   {
 285:Drivers/STM32F1xx_HAL_Driver/Src/stm32f1xx_hal_exti.c ****     /* Check if configuration of selected line is enable */
 286:Drivers/STM32F1xx_HAL_Driver/Src/stm32f1xx_hal_exti.c ****     if ((EXTI->RTSR & maskline) != 0x00u)
 338              		.loc 1 286 5 is_stmt 1 view .LVU112
 339              		.loc 1 286 14 is_stmt 0 view .LVU113
 340 003e 02F18042 		add	r2, r2, #1073741824
 341 0042 02F58232 		add	r2, r2, #66560
 342 0046 9268     		ldr	r2, [r2, #8]
 343              		.loc 1 286 8 view .LVU114
 344 0048 1A42     		tst	r2, r3
 345 004a 01D0     		beq	.L25
 287:Drivers/STM32F1xx_HAL_Driver/Src/stm32f1xx_hal_exti.c ****     {
 288:Drivers/STM32F1xx_HAL_Driver/Src/stm32f1xx_hal_exti.c ****       pExtiConfig->Trigger = EXTI_TRIGGER_RISING;
 346              		.loc 1 288 7 is_stmt 1 view .LVU115
 347              		.loc 1 288 28 is_stmt 0 view .LVU116
 348 004c 0122     		movs	r2, #1
 349 004e 8A60     		str	r2, [r1, #8]
 350              	.L25:
 289:Drivers/STM32F1xx_HAL_Driver/Src/stm32f1xx_hal_exti.c ****     }
 290:Drivers/STM32F1xx_HAL_Driver/Src/stm32f1xx_hal_exti.c **** 
 291:Drivers/STM32F1xx_HAL_Driver/Src/stm32f1xx_hal_exti.c ****     /* Get falling configuration */
 292:Drivers/STM32F1xx_HAL_Driver/Src/stm32f1xx_hal_exti.c ****     /* Check if configuration of selected line is enable */
 293:Drivers/STM32F1xx_HAL_Driver/Src/stm32f1xx_hal_exti.c ****     if ((EXTI->FTSR & maskline) != 0x00u)
 351              		.loc 1 293 5 is_stmt 1 view .LVU117
 352              		.loc 1 293 14 is_stmt 0 view .LVU118
 353 0050 134A     		ldr	r2, .L36
 354 0052 D268     		ldr	r2, [r2, #12]
 355              		.loc 1 293 8 view .LVU119
 356 0054 1A42     		tst	r2, r3
 357 0056 03D0     		beq	.L26
 294:Drivers/STM32F1xx_HAL_Driver/Src/stm32f1xx_hal_exti.c ****     {
 295:Drivers/STM32F1xx_HAL_Driver/Src/stm32f1xx_hal_exti.c ****       pExtiConfig->Trigger |= EXTI_TRIGGER_FALLING;
 358              		.loc 1 295 7 is_stmt 1 view .LVU120
 359              		.loc 1 295 28 is_stmt 0 view .LVU121
 360 0058 8B68     		ldr	r3, [r1, #8]
ARM GAS  C:\Users\Kaa\AppData\Local\Temp\ccf9Zh6a.s 			page 13


 361              	.LVL23:
 362              		.loc 1 295 28 view .LVU122
 363 005a 43F00203 		orr	r3, r3, #2
 364 005e 8B60     		str	r3, [r1, #8]
 365              	.L26:
 296:Drivers/STM32F1xx_HAL_Driver/Src/stm32f1xx_hal_exti.c ****     }
 297:Drivers/STM32F1xx_HAL_Driver/Src/stm32f1xx_hal_exti.c **** 
 298:Drivers/STM32F1xx_HAL_Driver/Src/stm32f1xx_hal_exti.c ****     /* Get Gpio port selection for gpio lines */
 299:Drivers/STM32F1xx_HAL_Driver/Src/stm32f1xx_hal_exti.c ****     if ((pExtiConfig->Line & EXTI_GPIO) == EXTI_GPIO)
 366              		.loc 1 299 5 is_stmt 1 view .LVU123
 367              		.loc 1 299 28 is_stmt 0 view .LVU124
 368 0060 04F0C063 		and	r3, r4, #100663296
 369              		.loc 1 299 8 view .LVU125
 370 0064 B3F1C06F 		cmp	r3, #100663296
 371 0068 04D0     		beq	.L35
 300:Drivers/STM32F1xx_HAL_Driver/Src/stm32f1xx_hal_exti.c ****     {
 301:Drivers/STM32F1xx_HAL_Driver/Src/stm32f1xx_hal_exti.c ****       assert_param(IS_EXTI_GPIO_PIN(linepos));
 302:Drivers/STM32F1xx_HAL_Driver/Src/stm32f1xx_hal_exti.c **** 
 303:Drivers/STM32F1xx_HAL_Driver/Src/stm32f1xx_hal_exti.c ****       regval = AFIO->EXTICR[linepos >> 2u];
 304:Drivers/STM32F1xx_HAL_Driver/Src/stm32f1xx_hal_exti.c ****       pExtiConfig->GPIOSel = (regval >> (AFIO_EXTICR1_EXTI1_Pos * (linepos & 0x03u))) & AFIO_EXTICR
 305:Drivers/STM32F1xx_HAL_Driver/Src/stm32f1xx_hal_exti.c ****     }
 306:Drivers/STM32F1xx_HAL_Driver/Src/stm32f1xx_hal_exti.c ****   }
 307:Drivers/STM32F1xx_HAL_Driver/Src/stm32f1xx_hal_exti.c **** 
 308:Drivers/STM32F1xx_HAL_Driver/Src/stm32f1xx_hal_exti.c ****   return HAL_OK;
 372              		.loc 1 308 10 view .LVU126
 373 006a 0020     		movs	r0, #0
 374 006c 16E0     		b	.L21
 375              	.LVL24:
 376              	.L22:
 268:Drivers/STM32F1xx_HAL_Driver/Src/stm32f1xx_hal_exti.c ****   }
 377              		.loc 1 268 5 is_stmt 1 view .LVU127
 268:Drivers/STM32F1xx_HAL_Driver/Src/stm32f1xx_hal_exti.c ****   }
 378              		.loc 1 268 23 is_stmt 0 view .LVU128
 379 006e 0022     		movs	r2, #0
 380 0070 4A60     		str	r2, [r1, #4]
 381 0072 D6E7     		b	.L23
 382              	.LVL25:
 383              	.L35:
 301:Drivers/STM32F1xx_HAL_Driver/Src/stm32f1xx_hal_exti.c **** 
 384              		.loc 1 301 7 is_stmt 1 view .LVU129
 303:Drivers/STM32F1xx_HAL_Driver/Src/stm32f1xx_hal_exti.c ****       pExtiConfig->GPIOSel = (regval >> (AFIO_EXTICR1_EXTI1_Pos * (linepos & 0x03u))) & AFIO_EXTICR
 385              		.loc 1 303 7 view .LVU130
 303:Drivers/STM32F1xx_HAL_Driver/Src/stm32f1xx_hal_exti.c ****       pExtiConfig->GPIOSel = (regval >> (AFIO_EXTICR1_EXTI1_Pos * (linepos & 0x03u))) & AFIO_EXTICR
 386              		.loc 1 303 37 is_stmt 0 view .LVU131
 387 0074 AA08     		lsrs	r2, r5, #2
 303:Drivers/STM32F1xx_HAL_Driver/Src/stm32f1xx_hal_exti.c ****       pExtiConfig->GPIOSel = (regval >> (AFIO_EXTICR1_EXTI1_Pos * (linepos & 0x03u))) & AFIO_EXTICR
 388              		.loc 1 303 14 view .LVU132
 389 0076 0232     		adds	r2, r2, #2
 390 0078 0A4B     		ldr	r3, .L36+4
 391 007a 53F82220 		ldr	r2, [r3, r2, lsl #2]
 392              	.LVL26:
 304:Drivers/STM32F1xx_HAL_Driver/Src/stm32f1xx_hal_exti.c ****     }
 393              		.loc 1 304 7 is_stmt 1 view .LVU133
 304:Drivers/STM32F1xx_HAL_Driver/Src/stm32f1xx_hal_exti.c ****     }
 394              		.loc 1 304 76 is_stmt 0 view .LVU134
 395 007e 04F00303 		and	r3, r4, #3
 304:Drivers/STM32F1xx_HAL_Driver/Src/stm32f1xx_hal_exti.c ****     }
ARM GAS  C:\Users\Kaa\AppData\Local\Temp\ccf9Zh6a.s 			page 14


 396              		.loc 1 304 65 view .LVU135
 397 0082 9B00     		lsls	r3, r3, #2
 304:Drivers/STM32F1xx_HAL_Driver/Src/stm32f1xx_hal_exti.c ****     }
 398              		.loc 1 304 38 view .LVU136
 399 0084 22FA03F3 		lsr	r3, r2, r3
 304:Drivers/STM32F1xx_HAL_Driver/Src/stm32f1xx_hal_exti.c ****     }
 400              		.loc 1 304 87 view .LVU137
 401 0088 03F00F03 		and	r3, r3, #15
 304:Drivers/STM32F1xx_HAL_Driver/Src/stm32f1xx_hal_exti.c ****     }
 402              		.loc 1 304 28 view .LVU138
 403 008c CB60     		str	r3, [r1, #12]
 404              		.loc 1 308 10 view .LVU139
 405 008e 0020     		movs	r0, #0
 406 0090 04E0     		b	.L21
 407              	.LVL27:
 408              	.L27:
 409              	.LCFI5:
 410              		.cfi_def_cfa_offset 0
 411              		.cfi_restore 4
 412              		.cfi_restore 5
 246:Drivers/STM32F1xx_HAL_Driver/Src/stm32f1xx_hal_exti.c ****   }
 413              		.loc 1 246 12 view .LVU140
 414 0092 0120     		movs	r0, #1
 415              	.LVL28:
 246:Drivers/STM32F1xx_HAL_Driver/Src/stm32f1xx_hal_exti.c ****   }
 416              		.loc 1 246 12 view .LVU141
 417 0094 7047     		bx	lr
 418              	.LVL29:
 419              	.L28:
 246:Drivers/STM32F1xx_HAL_Driver/Src/stm32f1xx_hal_exti.c ****   }
 420              		.loc 1 246 12 view .LVU142
 421 0096 0120     		movs	r0, #1
 422              	.LVL30:
 309:Drivers/STM32F1xx_HAL_Driver/Src/stm32f1xx_hal_exti.c **** }
 423              		.loc 1 309 1 view .LVU143
 424 0098 7047     		bx	lr
 425              	.LVL31:
 426              	.L29:
 427              	.LCFI6:
 428              		.cfi_def_cfa_offset 8
 429              		.cfi_offset 4, -8
 430              		.cfi_offset 5, -4
 308:Drivers/STM32F1xx_HAL_Driver/Src/stm32f1xx_hal_exti.c **** }
 431              		.loc 1 308 10 view .LVU144
 432 009a 0020     		movs	r0, #0
 433              	.LVL32:
 434              	.L21:
 435              		.loc 1 309 1 view .LVU145
 436 009c 30BC     		pop	{r4, r5}
 437              	.LCFI7:
 438              		.cfi_restore 5
 439              		.cfi_restore 4
 440              		.cfi_def_cfa_offset 0
 441              	.LVL33:
 442              		.loc 1 309 1 view .LVU146
 443 009e 7047     		bx	lr
 444              	.L37:
ARM GAS  C:\Users\Kaa\AppData\Local\Temp\ccf9Zh6a.s 			page 15


 445              		.align	2
 446              	.L36:
 447 00a0 00040140 		.word	1073808384
 448 00a4 00000140 		.word	1073807360
 449              		.cfi_endproc
 450              	.LFE66:
 452              		.section	.text.HAL_EXTI_ClearConfigLine,"ax",%progbits
 453              		.align	1
 454              		.global	HAL_EXTI_ClearConfigLine
 455              		.syntax unified
 456              		.thumb
 457              		.thumb_func
 458              		.fpu softvfp
 460              	HAL_EXTI_ClearConfigLine:
 461              	.LVL34:
 462              	.LFB67:
 310:Drivers/STM32F1xx_HAL_Driver/Src/stm32f1xx_hal_exti.c **** 
 311:Drivers/STM32F1xx_HAL_Driver/Src/stm32f1xx_hal_exti.c **** /**
 312:Drivers/STM32F1xx_HAL_Driver/Src/stm32f1xx_hal_exti.c ****   * @brief  Clear whole configuration of a dedicated Exti line.
 313:Drivers/STM32F1xx_HAL_Driver/Src/stm32f1xx_hal_exti.c ****   * @param  hexti Exti handle.
 314:Drivers/STM32F1xx_HAL_Driver/Src/stm32f1xx_hal_exti.c ****   * @retval HAL Status.
 315:Drivers/STM32F1xx_HAL_Driver/Src/stm32f1xx_hal_exti.c ****   */
 316:Drivers/STM32F1xx_HAL_Driver/Src/stm32f1xx_hal_exti.c **** HAL_StatusTypeDef HAL_EXTI_ClearConfigLine(EXTI_HandleTypeDef *hexti)
 317:Drivers/STM32F1xx_HAL_Driver/Src/stm32f1xx_hal_exti.c **** {
 463              		.loc 1 317 1 is_stmt 1 view -0
 464              		.cfi_startproc
 465              		@ args = 0, pretend = 0, frame = 0
 466              		@ frame_needed = 0, uses_anonymous_args = 0
 467              		@ link register save eliminated.
 318:Drivers/STM32F1xx_HAL_Driver/Src/stm32f1xx_hal_exti.c ****   uint32_t regval;
 468              		.loc 1 318 3 view .LVU148
 319:Drivers/STM32F1xx_HAL_Driver/Src/stm32f1xx_hal_exti.c ****   uint32_t linepos;
 469              		.loc 1 319 3 view .LVU149
 320:Drivers/STM32F1xx_HAL_Driver/Src/stm32f1xx_hal_exti.c ****   uint32_t maskline;
 470              		.loc 1 320 3 view .LVU150
 321:Drivers/STM32F1xx_HAL_Driver/Src/stm32f1xx_hal_exti.c **** 
 322:Drivers/STM32F1xx_HAL_Driver/Src/stm32f1xx_hal_exti.c ****   /* Check null pointer */
 323:Drivers/STM32F1xx_HAL_Driver/Src/stm32f1xx_hal_exti.c ****   if (hexti == NULL)
 471              		.loc 1 323 3 view .LVU151
 472              		.loc 1 323 6 is_stmt 0 view .LVU152
 473 0000 0028     		cmp	r0, #0
 474 0002 32D0     		beq	.L40
 317:Drivers/STM32F1xx_HAL_Driver/Src/stm32f1xx_hal_exti.c ****   uint32_t regval;
 475              		.loc 1 317 1 view .LVU153
 476 0004 30B4     		push	{r4, r5}
 477              	.LCFI8:
 478              		.cfi_def_cfa_offset 8
 479              		.cfi_offset 4, -8
 480              		.cfi_offset 5, -4
 481 0006 0446     		mov	r4, r0
 324:Drivers/STM32F1xx_HAL_Driver/Src/stm32f1xx_hal_exti.c ****   {
 325:Drivers/STM32F1xx_HAL_Driver/Src/stm32f1xx_hal_exti.c ****     return HAL_ERROR;
 326:Drivers/STM32F1xx_HAL_Driver/Src/stm32f1xx_hal_exti.c ****   }
 327:Drivers/STM32F1xx_HAL_Driver/Src/stm32f1xx_hal_exti.c **** 
 328:Drivers/STM32F1xx_HAL_Driver/Src/stm32f1xx_hal_exti.c ****   /* Check the parameter */
 329:Drivers/STM32F1xx_HAL_Driver/Src/stm32f1xx_hal_exti.c ****   assert_param(IS_EXTI_LINE(hexti->Line));
 482              		.loc 1 329 3 is_stmt 1 view .LVU154
ARM GAS  C:\Users\Kaa\AppData\Local\Temp\ccf9Zh6a.s 			page 16


 330:Drivers/STM32F1xx_HAL_Driver/Src/stm32f1xx_hal_exti.c **** 
 331:Drivers/STM32F1xx_HAL_Driver/Src/stm32f1xx_hal_exti.c ****   /* compute line mask */
 332:Drivers/STM32F1xx_HAL_Driver/Src/stm32f1xx_hal_exti.c ****   linepos = (hexti->Line & EXTI_PIN_MASK);
 483              		.loc 1 332 3 view .LVU155
 484              		.loc 1 332 19 is_stmt 0 view .LVU156
 485 0008 0568     		ldr	r5, [r0]
 486              		.loc 1 332 11 view .LVU157
 487 000a 05F01F00 		and	r0, r5, #31
 488              	.LVL35:
 333:Drivers/STM32F1xx_HAL_Driver/Src/stm32f1xx_hal_exti.c ****   maskline = (1uL << linepos);
 489              		.loc 1 333 3 is_stmt 1 view .LVU158
 490              		.loc 1 333 12 is_stmt 0 view .LVU159
 491 000e 0123     		movs	r3, #1
 492 0010 8340     		lsls	r3, r3, r0
 493              	.LVL36:
 334:Drivers/STM32F1xx_HAL_Driver/Src/stm32f1xx_hal_exti.c **** 
 335:Drivers/STM32F1xx_HAL_Driver/Src/stm32f1xx_hal_exti.c ****   /* 1] Clear interrupt mode */
 336:Drivers/STM32F1xx_HAL_Driver/Src/stm32f1xx_hal_exti.c ****   EXTI->IMR = (EXTI->IMR & ~maskline);
 494              		.loc 1 336 3 is_stmt 1 view .LVU160
 495              		.loc 1 336 20 is_stmt 0 view .LVU161
 496 0012 184A     		ldr	r2, .L48
 497 0014 1168     		ldr	r1, [r2]
 498              		.loc 1 336 28 view .LVU162
 499 0016 DB43     		mvns	r3, r3
 500              	.LVL37:
 501              		.loc 1 336 26 view .LVU163
 502 0018 1940     		ands	r1, r1, r3
 503              		.loc 1 336 13 view .LVU164
 504 001a 1160     		str	r1, [r2]
 337:Drivers/STM32F1xx_HAL_Driver/Src/stm32f1xx_hal_exti.c **** 
 338:Drivers/STM32F1xx_HAL_Driver/Src/stm32f1xx_hal_exti.c ****   /* 2] Clear event mode */
 339:Drivers/STM32F1xx_HAL_Driver/Src/stm32f1xx_hal_exti.c ****   EXTI->EMR = (EXTI->EMR & ~maskline);
 505              		.loc 1 339 3 is_stmt 1 view .LVU165
 506              		.loc 1 339 20 is_stmt 0 view .LVU166
 507 001c 5168     		ldr	r1, [r2, #4]
 508              		.loc 1 339 26 view .LVU167
 509 001e 1940     		ands	r1, r1, r3
 510              		.loc 1 339 13 view .LVU168
 511 0020 5160     		str	r1, [r2, #4]
 340:Drivers/STM32F1xx_HAL_Driver/Src/stm32f1xx_hal_exti.c **** 
 341:Drivers/STM32F1xx_HAL_Driver/Src/stm32f1xx_hal_exti.c ****   /* 3] Clear triggers in case of configurable lines */
 342:Drivers/STM32F1xx_HAL_Driver/Src/stm32f1xx_hal_exti.c ****   if ((hexti->Line & EXTI_CONFIG) != 0x00u)
 512              		.loc 1 342 3 is_stmt 1 view .LVU169
 513              		.loc 1 342 13 is_stmt 0 view .LVU170
 514 0022 2268     		ldr	r2, [r4]
 515              		.loc 1 342 6 view .LVU171
 516 0024 12F0007F 		tst	r2, #33554432
 517 0028 21D0     		beq	.L41
 343:Drivers/STM32F1xx_HAL_Driver/Src/stm32f1xx_hal_exti.c ****   {
 344:Drivers/STM32F1xx_HAL_Driver/Src/stm32f1xx_hal_exti.c ****     EXTI->RTSR = (EXTI->RTSR & ~maskline);
 518              		.loc 1 344 5 is_stmt 1 view .LVU172
 519              		.loc 1 344 23 is_stmt 0 view .LVU173
 520 002a 124A     		ldr	r2, .L48
 521 002c 9168     		ldr	r1, [r2, #8]
 522              		.loc 1 344 30 view .LVU174
 523 002e 1940     		ands	r1, r1, r3
 524              		.loc 1 344 16 view .LVU175
ARM GAS  C:\Users\Kaa\AppData\Local\Temp\ccf9Zh6a.s 			page 17


 525 0030 9160     		str	r1, [r2, #8]
 345:Drivers/STM32F1xx_HAL_Driver/Src/stm32f1xx_hal_exti.c ****     EXTI->FTSR = (EXTI->FTSR & ~maskline);
 526              		.loc 1 345 5 is_stmt 1 view .LVU176
 527              		.loc 1 345 23 is_stmt 0 view .LVU177
 528 0032 D168     		ldr	r1, [r2, #12]
 529              		.loc 1 345 30 view .LVU178
 530 0034 0B40     		ands	r3, r3, r1
 531              	.LVL38:
 532              		.loc 1 345 16 view .LVU179
 533 0036 D360     		str	r3, [r2, #12]
 346:Drivers/STM32F1xx_HAL_Driver/Src/stm32f1xx_hal_exti.c **** 
 347:Drivers/STM32F1xx_HAL_Driver/Src/stm32f1xx_hal_exti.c ****     /* Get Gpio port selection for gpio lines */
 348:Drivers/STM32F1xx_HAL_Driver/Src/stm32f1xx_hal_exti.c ****     if ((hexti->Line & EXTI_GPIO) == EXTI_GPIO)
 534              		.loc 1 348 5 is_stmt 1 view .LVU180
 535              		.loc 1 348 15 is_stmt 0 view .LVU181
 536 0038 2368     		ldr	r3, [r4]
 537              		.loc 1 348 22 view .LVU182
 538 003a 03F0C063 		and	r3, r3, #100663296
 539              		.loc 1 348 8 view .LVU183
 540 003e B3F1C06F 		cmp	r3, #100663296
 541 0042 01D0     		beq	.L47
 349:Drivers/STM32F1xx_HAL_Driver/Src/stm32f1xx_hal_exti.c ****     {
 350:Drivers/STM32F1xx_HAL_Driver/Src/stm32f1xx_hal_exti.c ****       assert_param(IS_EXTI_GPIO_PIN(linepos));
 351:Drivers/STM32F1xx_HAL_Driver/Src/stm32f1xx_hal_exti.c **** 
 352:Drivers/STM32F1xx_HAL_Driver/Src/stm32f1xx_hal_exti.c ****       regval = AFIO->EXTICR[linepos >> 2u];
 353:Drivers/STM32F1xx_HAL_Driver/Src/stm32f1xx_hal_exti.c ****       regval &= ~(AFIO_EXTICR1_EXTI0 << (AFIO_EXTICR1_EXTI1_Pos * (linepos & 0x03u)));
 354:Drivers/STM32F1xx_HAL_Driver/Src/stm32f1xx_hal_exti.c ****       AFIO->EXTICR[linepos >> 2u] = regval;
 355:Drivers/STM32F1xx_HAL_Driver/Src/stm32f1xx_hal_exti.c ****     }
 356:Drivers/STM32F1xx_HAL_Driver/Src/stm32f1xx_hal_exti.c ****   }
 357:Drivers/STM32F1xx_HAL_Driver/Src/stm32f1xx_hal_exti.c **** 
 358:Drivers/STM32F1xx_HAL_Driver/Src/stm32f1xx_hal_exti.c ****   return HAL_OK;
 542              		.loc 1 358 10 view .LVU184
 543 0044 0020     		movs	r0, #0
 544              	.LVL39:
 545              		.loc 1 358 10 view .LVU185
 546 0046 13E0     		b	.L39
 547              	.LVL40:
 548              	.L47:
 350:Drivers/STM32F1xx_HAL_Driver/Src/stm32f1xx_hal_exti.c **** 
 549              		.loc 1 350 7 is_stmt 1 view .LVU186
 352:Drivers/STM32F1xx_HAL_Driver/Src/stm32f1xx_hal_exti.c ****       regval &= ~(AFIO_EXTICR1_EXTI0 << (AFIO_EXTICR1_EXTI1_Pos * (linepos & 0x03u)));
 550              		.loc 1 352 7 view .LVU187
 352:Drivers/STM32F1xx_HAL_Driver/Src/stm32f1xx_hal_exti.c ****       regval &= ~(AFIO_EXTICR1_EXTI0 << (AFIO_EXTICR1_EXTI1_Pos * (linepos & 0x03u)));
 551              		.loc 1 352 37 is_stmt 0 view .LVU188
 552 0048 8008     		lsrs	r0, r0, #2
 553              	.LVL41:
 352:Drivers/STM32F1xx_HAL_Driver/Src/stm32f1xx_hal_exti.c ****       regval &= ~(AFIO_EXTICR1_EXTI0 << (AFIO_EXTICR1_EXTI1_Pos * (linepos & 0x03u)));
 554              		.loc 1 352 14 view .LVU189
 555 004a 0B49     		ldr	r1, .L48+4
 556 004c 0230     		adds	r0, r0, #2
 557 004e 51F82030 		ldr	r3, [r1, r0, lsl #2]
 558              	.LVL42:
 353:Drivers/STM32F1xx_HAL_Driver/Src/stm32f1xx_hal_exti.c ****       AFIO->EXTICR[linepos >> 2u] = regval;
 559              		.loc 1 353 7 is_stmt 1 view .LVU190
 353:Drivers/STM32F1xx_HAL_Driver/Src/stm32f1xx_hal_exti.c ****       AFIO->EXTICR[linepos >> 2u] = regval;
 560              		.loc 1 353 76 is_stmt 0 view .LVU191
 561 0052 05F00305 		and	r5, r5, #3
ARM GAS  C:\Users\Kaa\AppData\Local\Temp\ccf9Zh6a.s 			page 18


 562              	.LVL43:
 353:Drivers/STM32F1xx_HAL_Driver/Src/stm32f1xx_hal_exti.c ****       AFIO->EXTICR[linepos >> 2u] = regval;
 563              		.loc 1 353 65 view .LVU192
 564 0056 AD00     		lsls	r5, r5, #2
 353:Drivers/STM32F1xx_HAL_Driver/Src/stm32f1xx_hal_exti.c ****       AFIO->EXTICR[linepos >> 2u] = regval;
 565              		.loc 1 353 38 view .LVU193
 566 0058 0F22     		movs	r2, #15
 567 005a 02FA05F5 		lsl	r5, r2, r5
 353:Drivers/STM32F1xx_HAL_Driver/Src/stm32f1xx_hal_exti.c ****       AFIO->EXTICR[linepos >> 2u] = regval;
 568              		.loc 1 353 14 view .LVU194
 569 005e 23EA0505 		bic	r5, r3, r5
 570              	.LVL44:
 354:Drivers/STM32F1xx_HAL_Driver/Src/stm32f1xx_hal_exti.c ****     }
 571              		.loc 1 354 7 is_stmt 1 view .LVU195
 354:Drivers/STM32F1xx_HAL_Driver/Src/stm32f1xx_hal_exti.c ****     }
 572              		.loc 1 354 35 is_stmt 0 view .LVU196
 573 0062 41F82050 		str	r5, [r1, r0, lsl #2]
 574              		.loc 1 358 10 view .LVU197
 575 0066 0020     		movs	r0, #0
 576 0068 02E0     		b	.L39
 577              	.LVL45:
 578              	.L40:
 579              	.LCFI9:
 580              		.cfi_def_cfa_offset 0
 581              		.cfi_restore 4
 582              		.cfi_restore 5
 325:Drivers/STM32F1xx_HAL_Driver/Src/stm32f1xx_hal_exti.c ****   }
 583              		.loc 1 325 12 view .LVU198
 584 006a 0120     		movs	r0, #1
 585              	.LVL46:
 359:Drivers/STM32F1xx_HAL_Driver/Src/stm32f1xx_hal_exti.c **** }
 586              		.loc 1 359 1 view .LVU199
 587 006c 7047     		bx	lr
 588              	.LVL47:
 589              	.L41:
 590              	.LCFI10:
 591              		.cfi_def_cfa_offset 8
 592              		.cfi_offset 4, -8
 593              		.cfi_offset 5, -4
 358:Drivers/STM32F1xx_HAL_Driver/Src/stm32f1xx_hal_exti.c **** }
 594              		.loc 1 358 10 view .LVU200
 595 006e 0020     		movs	r0, #0
 596              	.LVL48:
 597              	.L39:
 598              		.loc 1 359 1 view .LVU201
 599 0070 30BC     		pop	{r4, r5}
 600              	.LCFI11:
 601              		.cfi_restore 5
 602              		.cfi_restore 4
 603              		.cfi_def_cfa_offset 0
 604              	.LVL49:
 605              		.loc 1 359 1 view .LVU202
 606 0072 7047     		bx	lr
 607              	.L49:
 608              		.align	2
 609              	.L48:
 610 0074 00040140 		.word	1073808384
ARM GAS  C:\Users\Kaa\AppData\Local\Temp\ccf9Zh6a.s 			page 19


 611 0078 00000140 		.word	1073807360
 612              		.cfi_endproc
 613              	.LFE67:
 615              		.section	.text.HAL_EXTI_RegisterCallback,"ax",%progbits
 616              		.align	1
 617              		.global	HAL_EXTI_RegisterCallback
 618              		.syntax unified
 619              		.thumb
 620              		.thumb_func
 621              		.fpu softvfp
 623              	HAL_EXTI_RegisterCallback:
 624              	.LVL50:
 625              	.LFB68:
 360:Drivers/STM32F1xx_HAL_Driver/Src/stm32f1xx_hal_exti.c **** 
 361:Drivers/STM32F1xx_HAL_Driver/Src/stm32f1xx_hal_exti.c **** /**
 362:Drivers/STM32F1xx_HAL_Driver/Src/stm32f1xx_hal_exti.c ****   * @brief  Register callback for a dedicated Exti line.
 363:Drivers/STM32F1xx_HAL_Driver/Src/stm32f1xx_hal_exti.c ****   * @param  hexti Exti handle.
 364:Drivers/STM32F1xx_HAL_Driver/Src/stm32f1xx_hal_exti.c ****   * @param  CallbackID User callback identifier.
 365:Drivers/STM32F1xx_HAL_Driver/Src/stm32f1xx_hal_exti.c ****   *         This parameter can be one of @arg @ref EXTI_CallbackIDTypeDef values.
 366:Drivers/STM32F1xx_HAL_Driver/Src/stm32f1xx_hal_exti.c ****   * @param  pPendingCbfn function pointer to be stored as callback.
 367:Drivers/STM32F1xx_HAL_Driver/Src/stm32f1xx_hal_exti.c ****   * @retval HAL Status.
 368:Drivers/STM32F1xx_HAL_Driver/Src/stm32f1xx_hal_exti.c ****   */
 369:Drivers/STM32F1xx_HAL_Driver/Src/stm32f1xx_hal_exti.c **** HAL_StatusTypeDef HAL_EXTI_RegisterCallback(EXTI_HandleTypeDef *hexti, EXTI_CallbackIDTypeDef Callb
 370:Drivers/STM32F1xx_HAL_Driver/Src/stm32f1xx_hal_exti.c **** {
 626              		.loc 1 370 1 is_stmt 1 view -0
 627              		.cfi_startproc
 628              		@ args = 0, pretend = 0, frame = 0
 629              		@ frame_needed = 0, uses_anonymous_args = 0
 630              		@ link register save eliminated.
 371:Drivers/STM32F1xx_HAL_Driver/Src/stm32f1xx_hal_exti.c ****   HAL_StatusTypeDef status = HAL_OK;
 631              		.loc 1 371 3 view .LVU204
 372:Drivers/STM32F1xx_HAL_Driver/Src/stm32f1xx_hal_exti.c **** 
 373:Drivers/STM32F1xx_HAL_Driver/Src/stm32f1xx_hal_exti.c ****   switch (CallbackID)
 632              		.loc 1 373 3 view .LVU205
 633 0000 11B9     		cbnz	r1, .L52
 374:Drivers/STM32F1xx_HAL_Driver/Src/stm32f1xx_hal_exti.c ****   {
 375:Drivers/STM32F1xx_HAL_Driver/Src/stm32f1xx_hal_exti.c ****     case  HAL_EXTI_COMMON_CB_ID:
 376:Drivers/STM32F1xx_HAL_Driver/Src/stm32f1xx_hal_exti.c ****       hexti->PendingCallback = pPendingCbfn;
 634              		.loc 1 376 7 view .LVU206
 635              		.loc 1 376 30 is_stmt 0 view .LVU207
 636 0002 4260     		str	r2, [r0, #4]
 377:Drivers/STM32F1xx_HAL_Driver/Src/stm32f1xx_hal_exti.c ****       break;
 637              		.loc 1 377 7 is_stmt 1 view .LVU208
 371:Drivers/STM32F1xx_HAL_Driver/Src/stm32f1xx_hal_exti.c **** 
 638              		.loc 1 371 21 is_stmt 0 view .LVU209
 639 0004 0020     		movs	r0, #0
 640              	.LVL51:
 641              		.loc 1 377 7 view .LVU210
 642 0006 7047     		bx	lr
 643              	.LVL52:
 644              	.L52:
 378:Drivers/STM32F1xx_HAL_Driver/Src/stm32f1xx_hal_exti.c **** 
 379:Drivers/STM32F1xx_HAL_Driver/Src/stm32f1xx_hal_exti.c ****     default:
 380:Drivers/STM32F1xx_HAL_Driver/Src/stm32f1xx_hal_exti.c ****       status = HAL_ERROR;
 645              		.loc 1 380 14 view .LVU211
 646 0008 0120     		movs	r0, #1
 647              	.LVL53:
ARM GAS  C:\Users\Kaa\AppData\Local\Temp\ccf9Zh6a.s 			page 20


 381:Drivers/STM32F1xx_HAL_Driver/Src/stm32f1xx_hal_exti.c ****       break;
 382:Drivers/STM32F1xx_HAL_Driver/Src/stm32f1xx_hal_exti.c ****   }
 383:Drivers/STM32F1xx_HAL_Driver/Src/stm32f1xx_hal_exti.c **** 
 384:Drivers/STM32F1xx_HAL_Driver/Src/stm32f1xx_hal_exti.c ****   return status;
 648              		.loc 1 384 3 is_stmt 1 view .LVU212
 385:Drivers/STM32F1xx_HAL_Driver/Src/stm32f1xx_hal_exti.c **** }
 649              		.loc 1 385 1 is_stmt 0 view .LVU213
 650 000a 7047     		bx	lr
 651              		.cfi_endproc
 652              	.LFE68:
 654              		.section	.text.HAL_EXTI_GetHandle,"ax",%progbits
 655              		.align	1
 656              		.global	HAL_EXTI_GetHandle
 657              		.syntax unified
 658              		.thumb
 659              		.thumb_func
 660              		.fpu softvfp
 662              	HAL_EXTI_GetHandle:
 663              	.LVL54:
 664              	.LFB69:
 386:Drivers/STM32F1xx_HAL_Driver/Src/stm32f1xx_hal_exti.c **** 
 387:Drivers/STM32F1xx_HAL_Driver/Src/stm32f1xx_hal_exti.c **** /**
 388:Drivers/STM32F1xx_HAL_Driver/Src/stm32f1xx_hal_exti.c ****   * @brief  Store line number as handle private field.
 389:Drivers/STM32F1xx_HAL_Driver/Src/stm32f1xx_hal_exti.c ****   * @param  hexti Exti handle.
 390:Drivers/STM32F1xx_HAL_Driver/Src/stm32f1xx_hal_exti.c ****   * @param  ExtiLine Exti line number.
 391:Drivers/STM32F1xx_HAL_Driver/Src/stm32f1xx_hal_exti.c ****   *         This parameter can be from 0 to @ref EXTI_LINE_NB.
 392:Drivers/STM32F1xx_HAL_Driver/Src/stm32f1xx_hal_exti.c ****   * @retval HAL Status.
 393:Drivers/STM32F1xx_HAL_Driver/Src/stm32f1xx_hal_exti.c ****   */
 394:Drivers/STM32F1xx_HAL_Driver/Src/stm32f1xx_hal_exti.c **** HAL_StatusTypeDef HAL_EXTI_GetHandle(EXTI_HandleTypeDef *hexti, uint32_t ExtiLine)
 395:Drivers/STM32F1xx_HAL_Driver/Src/stm32f1xx_hal_exti.c **** {
 665              		.loc 1 395 1 is_stmt 1 view -0
 666              		.cfi_startproc
 667              		@ args = 0, pretend = 0, frame = 0
 668              		@ frame_needed = 0, uses_anonymous_args = 0
 669              		@ link register save eliminated.
 396:Drivers/STM32F1xx_HAL_Driver/Src/stm32f1xx_hal_exti.c ****   /* Check the parameters */
 397:Drivers/STM32F1xx_HAL_Driver/Src/stm32f1xx_hal_exti.c ****   assert_param(IS_EXTI_LINE(ExtiLine));
 670              		.loc 1 397 3 view .LVU215
 398:Drivers/STM32F1xx_HAL_Driver/Src/stm32f1xx_hal_exti.c **** 
 399:Drivers/STM32F1xx_HAL_Driver/Src/stm32f1xx_hal_exti.c ****   /* Check null pointer */
 400:Drivers/STM32F1xx_HAL_Driver/Src/stm32f1xx_hal_exti.c ****   if (hexti == NULL)
 671              		.loc 1 400 3 view .LVU216
 672              		.loc 1 400 6 is_stmt 0 view .LVU217
 673 0000 10B1     		cbz	r0, .L55
 401:Drivers/STM32F1xx_HAL_Driver/Src/stm32f1xx_hal_exti.c ****   {
 402:Drivers/STM32F1xx_HAL_Driver/Src/stm32f1xx_hal_exti.c ****     return HAL_ERROR;
 403:Drivers/STM32F1xx_HAL_Driver/Src/stm32f1xx_hal_exti.c ****   }
 404:Drivers/STM32F1xx_HAL_Driver/Src/stm32f1xx_hal_exti.c ****   else
 405:Drivers/STM32F1xx_HAL_Driver/Src/stm32f1xx_hal_exti.c ****   {
 406:Drivers/STM32F1xx_HAL_Driver/Src/stm32f1xx_hal_exti.c ****     /* Store line number as handle private field */
 407:Drivers/STM32F1xx_HAL_Driver/Src/stm32f1xx_hal_exti.c ****     hexti->Line = ExtiLine;
 674              		.loc 1 407 5 is_stmt 1 view .LVU218
 675              		.loc 1 407 17 is_stmt 0 view .LVU219
 676 0002 0160     		str	r1, [r0]
 408:Drivers/STM32F1xx_HAL_Driver/Src/stm32f1xx_hal_exti.c **** 
 409:Drivers/STM32F1xx_HAL_Driver/Src/stm32f1xx_hal_exti.c ****     return HAL_OK;
 677              		.loc 1 409 5 is_stmt 1 view .LVU220
ARM GAS  C:\Users\Kaa\AppData\Local\Temp\ccf9Zh6a.s 			page 21


 678              		.loc 1 409 12 is_stmt 0 view .LVU221
 679 0004 0020     		movs	r0, #0
 680              	.LVL55:
 681              		.loc 1 409 12 view .LVU222
 682 0006 7047     		bx	lr
 683              	.LVL56:
 684              	.L55:
 402:Drivers/STM32F1xx_HAL_Driver/Src/stm32f1xx_hal_exti.c ****   }
 685              		.loc 1 402 12 view .LVU223
 686 0008 0120     		movs	r0, #1
 687              	.LVL57:
 410:Drivers/STM32F1xx_HAL_Driver/Src/stm32f1xx_hal_exti.c ****   }
 411:Drivers/STM32F1xx_HAL_Driver/Src/stm32f1xx_hal_exti.c **** }
 688              		.loc 1 411 1 view .LVU224
 689 000a 7047     		bx	lr
 690              		.cfi_endproc
 691              	.LFE69:
 693              		.section	.text.HAL_EXTI_IRQHandler,"ax",%progbits
 694              		.align	1
 695              		.global	HAL_EXTI_IRQHandler
 696              		.syntax unified
 697              		.thumb
 698              		.thumb_func
 699              		.fpu softvfp
 701              	HAL_EXTI_IRQHandler:
 702              	.LVL58:
 703              	.LFB70:
 412:Drivers/STM32F1xx_HAL_Driver/Src/stm32f1xx_hal_exti.c **** 
 413:Drivers/STM32F1xx_HAL_Driver/Src/stm32f1xx_hal_exti.c **** /**
 414:Drivers/STM32F1xx_HAL_Driver/Src/stm32f1xx_hal_exti.c ****   * @}
 415:Drivers/STM32F1xx_HAL_Driver/Src/stm32f1xx_hal_exti.c ****   */
 416:Drivers/STM32F1xx_HAL_Driver/Src/stm32f1xx_hal_exti.c **** 
 417:Drivers/STM32F1xx_HAL_Driver/Src/stm32f1xx_hal_exti.c **** /** @addtogroup EXTI_Exported_Functions_Group2
 418:Drivers/STM32F1xx_HAL_Driver/Src/stm32f1xx_hal_exti.c ****   *  @brief EXTI IO functions.
 419:Drivers/STM32F1xx_HAL_Driver/Src/stm32f1xx_hal_exti.c ****   *
 420:Drivers/STM32F1xx_HAL_Driver/Src/stm32f1xx_hal_exti.c **** @verbatim
 421:Drivers/STM32F1xx_HAL_Driver/Src/stm32f1xx_hal_exti.c ****  ===============================================================================
 422:Drivers/STM32F1xx_HAL_Driver/Src/stm32f1xx_hal_exti.c ****                        ##### IO operation functions #####
 423:Drivers/STM32F1xx_HAL_Driver/Src/stm32f1xx_hal_exti.c ****  ===============================================================================
 424:Drivers/STM32F1xx_HAL_Driver/Src/stm32f1xx_hal_exti.c **** 
 425:Drivers/STM32F1xx_HAL_Driver/Src/stm32f1xx_hal_exti.c **** @endverbatim
 426:Drivers/STM32F1xx_HAL_Driver/Src/stm32f1xx_hal_exti.c ****   * @{
 427:Drivers/STM32F1xx_HAL_Driver/Src/stm32f1xx_hal_exti.c ****   */
 428:Drivers/STM32F1xx_HAL_Driver/Src/stm32f1xx_hal_exti.c **** 
 429:Drivers/STM32F1xx_HAL_Driver/Src/stm32f1xx_hal_exti.c **** /**
 430:Drivers/STM32F1xx_HAL_Driver/Src/stm32f1xx_hal_exti.c ****   * @brief  Handle EXTI interrupt request.
 431:Drivers/STM32F1xx_HAL_Driver/Src/stm32f1xx_hal_exti.c ****   * @param  hexti Exti handle.
 432:Drivers/STM32F1xx_HAL_Driver/Src/stm32f1xx_hal_exti.c ****   * @retval none.
 433:Drivers/STM32F1xx_HAL_Driver/Src/stm32f1xx_hal_exti.c ****   */
 434:Drivers/STM32F1xx_HAL_Driver/Src/stm32f1xx_hal_exti.c **** void HAL_EXTI_IRQHandler(EXTI_HandleTypeDef *hexti)
 435:Drivers/STM32F1xx_HAL_Driver/Src/stm32f1xx_hal_exti.c **** {
 704              		.loc 1 435 1 is_stmt 1 view -0
 705              		.cfi_startproc
 706              		@ args = 0, pretend = 0, frame = 0
 707              		@ frame_needed = 0, uses_anonymous_args = 0
 708              		.loc 1 435 1 is_stmt 0 view .LVU226
 709 0000 08B5     		push	{r3, lr}
ARM GAS  C:\Users\Kaa\AppData\Local\Temp\ccf9Zh6a.s 			page 22


 710              	.LCFI12:
 711              		.cfi_def_cfa_offset 8
 712              		.cfi_offset 3, -8
 713              		.cfi_offset 14, -4
 436:Drivers/STM32F1xx_HAL_Driver/Src/stm32f1xx_hal_exti.c ****   uint32_t regval;
 714              		.loc 1 436 3 is_stmt 1 view .LVU227
 437:Drivers/STM32F1xx_HAL_Driver/Src/stm32f1xx_hal_exti.c ****   uint32_t maskline;
 715              		.loc 1 437 3 view .LVU228
 438:Drivers/STM32F1xx_HAL_Driver/Src/stm32f1xx_hal_exti.c **** 
 439:Drivers/STM32F1xx_HAL_Driver/Src/stm32f1xx_hal_exti.c ****   /* Compute line mask */
 440:Drivers/STM32F1xx_HAL_Driver/Src/stm32f1xx_hal_exti.c ****   maskline = (1uL << (hexti->Line & EXTI_PIN_MASK));
 716              		.loc 1 440 3 view .LVU229
 717              		.loc 1 440 28 is_stmt 0 view .LVU230
 718 0002 0368     		ldr	r3, [r0]
 719              		.loc 1 440 35 view .LVU231
 720 0004 03F01F02 		and	r2, r3, #31
 721              		.loc 1 440 12 view .LVU232
 722 0008 0123     		movs	r3, #1
 723 000a 9340     		lsls	r3, r3, r2
 724              	.LVL59:
 441:Drivers/STM32F1xx_HAL_Driver/Src/stm32f1xx_hal_exti.c **** 
 442:Drivers/STM32F1xx_HAL_Driver/Src/stm32f1xx_hal_exti.c ****   /* Get pending bit  */
 443:Drivers/STM32F1xx_HAL_Driver/Src/stm32f1xx_hal_exti.c ****   regval = (EXTI->PR & maskline);
 725              		.loc 1 443 3 is_stmt 1 view .LVU233
 726              		.loc 1 443 17 is_stmt 0 view .LVU234
 727 000c 044A     		ldr	r2, .L59
 728 000e 5269     		ldr	r2, [r2, #20]
 729              	.LVL60:
 444:Drivers/STM32F1xx_HAL_Driver/Src/stm32f1xx_hal_exti.c ****   if (regval != 0x00u)
 730              		.loc 1 444 3 is_stmt 1 view .LVU235
 731              		.loc 1 444 6 is_stmt 0 view .LVU236
 732 0010 1A42     		tst	r2, r3
 733 0012 04D0     		beq	.L56
 445:Drivers/STM32F1xx_HAL_Driver/Src/stm32f1xx_hal_exti.c ****   {
 446:Drivers/STM32F1xx_HAL_Driver/Src/stm32f1xx_hal_exti.c ****     /* Clear pending bit */
 447:Drivers/STM32F1xx_HAL_Driver/Src/stm32f1xx_hal_exti.c ****     EXTI->PR = maskline;
 734              		.loc 1 447 5 is_stmt 1 view .LVU237
 735              		.loc 1 447 14 is_stmt 0 view .LVU238
 736 0014 024A     		ldr	r2, .L59
 737              	.LVL61:
 738              		.loc 1 447 14 view .LVU239
 739 0016 5361     		str	r3, [r2, #20]
 448:Drivers/STM32F1xx_HAL_Driver/Src/stm32f1xx_hal_exti.c **** 
 449:Drivers/STM32F1xx_HAL_Driver/Src/stm32f1xx_hal_exti.c ****     /* Call callback */
 450:Drivers/STM32F1xx_HAL_Driver/Src/stm32f1xx_hal_exti.c ****     if (hexti->PendingCallback != NULL)
 740              		.loc 1 450 5 is_stmt 1 view .LVU240
 741              		.loc 1 450 14 is_stmt 0 view .LVU241
 742 0018 4368     		ldr	r3, [r0, #4]
 743              	.LVL62:
 744              		.loc 1 450 8 view .LVU242
 745 001a 03B1     		cbz	r3, .L56
 451:Drivers/STM32F1xx_HAL_Driver/Src/stm32f1xx_hal_exti.c ****     {
 452:Drivers/STM32F1xx_HAL_Driver/Src/stm32f1xx_hal_exti.c ****       hexti->PendingCallback();
 746              		.loc 1 452 7 is_stmt 1 view .LVU243
 747 001c 9847     		blx	r3
 748              	.LVL63:
 749              	.L56:
ARM GAS  C:\Users\Kaa\AppData\Local\Temp\ccf9Zh6a.s 			page 23


 453:Drivers/STM32F1xx_HAL_Driver/Src/stm32f1xx_hal_exti.c ****     }
 454:Drivers/STM32F1xx_HAL_Driver/Src/stm32f1xx_hal_exti.c ****   }
 455:Drivers/STM32F1xx_HAL_Driver/Src/stm32f1xx_hal_exti.c **** }
 750              		.loc 1 455 1 is_stmt 0 view .LVU244
 751 001e 08BD     		pop	{r3, pc}
 752              	.L60:
 753              		.align	2
 754              	.L59:
 755 0020 00040140 		.word	1073808384
 756              		.cfi_endproc
 757              	.LFE70:
 759              		.section	.text.HAL_EXTI_GetPending,"ax",%progbits
 760              		.align	1
 761              		.global	HAL_EXTI_GetPending
 762              		.syntax unified
 763              		.thumb
 764              		.thumb_func
 765              		.fpu softvfp
 767              	HAL_EXTI_GetPending:
 768              	.LVL64:
 769              	.LFB71:
 456:Drivers/STM32F1xx_HAL_Driver/Src/stm32f1xx_hal_exti.c **** 
 457:Drivers/STM32F1xx_HAL_Driver/Src/stm32f1xx_hal_exti.c **** /**
 458:Drivers/STM32F1xx_HAL_Driver/Src/stm32f1xx_hal_exti.c ****   * @brief  Get interrupt pending bit of a dedicated line.
 459:Drivers/STM32F1xx_HAL_Driver/Src/stm32f1xx_hal_exti.c ****   * @param  hexti Exti handle.
 460:Drivers/STM32F1xx_HAL_Driver/Src/stm32f1xx_hal_exti.c ****   * @param  Edge Specify which pending edge as to be checked.
 461:Drivers/STM32F1xx_HAL_Driver/Src/stm32f1xx_hal_exti.c ****   *         This parameter can be one of the following values:
 462:Drivers/STM32F1xx_HAL_Driver/Src/stm32f1xx_hal_exti.c ****   *           @arg @ref EXTI_TRIGGER_RISING_FALLING
 463:Drivers/STM32F1xx_HAL_Driver/Src/stm32f1xx_hal_exti.c ****   *         This parameter is kept for compatibility with other series.
 464:Drivers/STM32F1xx_HAL_Driver/Src/stm32f1xx_hal_exti.c ****   * @retval 1 if interrupt is pending else 0.
 465:Drivers/STM32F1xx_HAL_Driver/Src/stm32f1xx_hal_exti.c ****   */
 466:Drivers/STM32F1xx_HAL_Driver/Src/stm32f1xx_hal_exti.c **** uint32_t HAL_EXTI_GetPending(EXTI_HandleTypeDef *hexti, uint32_t Edge)
 467:Drivers/STM32F1xx_HAL_Driver/Src/stm32f1xx_hal_exti.c **** {
 770              		.loc 1 467 1 is_stmt 1 view -0
 771              		.cfi_startproc
 772              		@ args = 0, pretend = 0, frame = 0
 773              		@ frame_needed = 0, uses_anonymous_args = 0
 774              		@ link register save eliminated.
 468:Drivers/STM32F1xx_HAL_Driver/Src/stm32f1xx_hal_exti.c ****   uint32_t regval;
 775              		.loc 1 468 3 view .LVU246
 469:Drivers/STM32F1xx_HAL_Driver/Src/stm32f1xx_hal_exti.c ****   uint32_t maskline;
 776              		.loc 1 469 3 view .LVU247
 470:Drivers/STM32F1xx_HAL_Driver/Src/stm32f1xx_hal_exti.c ****   uint32_t linepos;
 777              		.loc 1 470 3 view .LVU248
 471:Drivers/STM32F1xx_HAL_Driver/Src/stm32f1xx_hal_exti.c **** 
 472:Drivers/STM32F1xx_HAL_Driver/Src/stm32f1xx_hal_exti.c ****   /* Check parameters */
 473:Drivers/STM32F1xx_HAL_Driver/Src/stm32f1xx_hal_exti.c ****   assert_param(IS_EXTI_LINE(hexti->Line));
 778              		.loc 1 473 3 view .LVU249
 474:Drivers/STM32F1xx_HAL_Driver/Src/stm32f1xx_hal_exti.c ****   assert_param(IS_EXTI_CONFIG_LINE(hexti->Line));
 779              		.loc 1 474 3 view .LVU250
 475:Drivers/STM32F1xx_HAL_Driver/Src/stm32f1xx_hal_exti.c ****   assert_param(IS_EXTI_PENDING_EDGE(Edge));
 780              		.loc 1 475 3 view .LVU251
 476:Drivers/STM32F1xx_HAL_Driver/Src/stm32f1xx_hal_exti.c **** 
 477:Drivers/STM32F1xx_HAL_Driver/Src/stm32f1xx_hal_exti.c ****   /* Prevent unused argument compilation warning */
 478:Drivers/STM32F1xx_HAL_Driver/Src/stm32f1xx_hal_exti.c ****   UNUSED(Edge);
 781              		.loc 1 478 3 view .LVU252
 479:Drivers/STM32F1xx_HAL_Driver/Src/stm32f1xx_hal_exti.c **** 
ARM GAS  C:\Users\Kaa\AppData\Local\Temp\ccf9Zh6a.s 			page 24


 480:Drivers/STM32F1xx_HAL_Driver/Src/stm32f1xx_hal_exti.c ****   /* Compute line mask */
 481:Drivers/STM32F1xx_HAL_Driver/Src/stm32f1xx_hal_exti.c ****   linepos = (hexti->Line & EXTI_PIN_MASK);
 782              		.loc 1 481 3 view .LVU253
 783              		.loc 1 481 19 is_stmt 0 view .LVU254
 784 0000 0368     		ldr	r3, [r0]
 785              		.loc 1 481 11 view .LVU255
 786 0002 03F01F03 		and	r3, r3, #31
 787              	.LVL65:
 482:Drivers/STM32F1xx_HAL_Driver/Src/stm32f1xx_hal_exti.c ****   maskline = (1uL << linepos);
 788              		.loc 1 482 3 is_stmt 1 view .LVU256
 789              		.loc 1 482 12 is_stmt 0 view .LVU257
 790 0006 0120     		movs	r0, #1
 791              	.LVL66:
 792              		.loc 1 482 12 view .LVU258
 793 0008 00FA03F2 		lsl	r2, r0, r3
 794              	.LVL67:
 483:Drivers/STM32F1xx_HAL_Driver/Src/stm32f1xx_hal_exti.c **** 
 484:Drivers/STM32F1xx_HAL_Driver/Src/stm32f1xx_hal_exti.c ****   /* return 1 if bit is set else 0 */
 485:Drivers/STM32F1xx_HAL_Driver/Src/stm32f1xx_hal_exti.c ****   regval = ((EXTI->PR & maskline) >> linepos);
 795              		.loc 1 485 3 is_stmt 1 view .LVU259
 796              		.loc 1 485 18 is_stmt 0 view .LVU260
 797 000c 0249     		ldr	r1, .L62
 798              	.LVL68:
 799              		.loc 1 485 18 view .LVU261
 800 000e 4869     		ldr	r0, [r1, #20]
 801              		.loc 1 485 23 view .LVU262
 802 0010 1040     		ands	r0, r0, r2
 803              	.LVL69:
 486:Drivers/STM32F1xx_HAL_Driver/Src/stm32f1xx_hal_exti.c ****   return regval;
 804              		.loc 1 486 3 is_stmt 1 view .LVU263
 487:Drivers/STM32F1xx_HAL_Driver/Src/stm32f1xx_hal_exti.c **** }
 805              		.loc 1 487 1 is_stmt 0 view .LVU264
 806 0012 D840     		lsrs	r0, r0, r3
 807              	.LVL70:
 808              		.loc 1 487 1 view .LVU265
 809 0014 7047     		bx	lr
 810              	.L63:
 811 0016 00BF     		.align	2
 812              	.L62:
 813 0018 00040140 		.word	1073808384
 814              		.cfi_endproc
 815              	.LFE71:
 817              		.section	.text.HAL_EXTI_ClearPending,"ax",%progbits
 818              		.align	1
 819              		.global	HAL_EXTI_ClearPending
 820              		.syntax unified
 821              		.thumb
 822              		.thumb_func
 823              		.fpu softvfp
 825              	HAL_EXTI_ClearPending:
 826              	.LVL71:
 827              	.LFB72:
 488:Drivers/STM32F1xx_HAL_Driver/Src/stm32f1xx_hal_exti.c **** 
 489:Drivers/STM32F1xx_HAL_Driver/Src/stm32f1xx_hal_exti.c **** /**
 490:Drivers/STM32F1xx_HAL_Driver/Src/stm32f1xx_hal_exti.c ****   * @brief  Clear interrupt pending bit of a dedicated line.
 491:Drivers/STM32F1xx_HAL_Driver/Src/stm32f1xx_hal_exti.c ****   * @param  hexti Exti handle.
 492:Drivers/STM32F1xx_HAL_Driver/Src/stm32f1xx_hal_exti.c ****   * @param  Edge Specify which pending edge as to be clear.
ARM GAS  C:\Users\Kaa\AppData\Local\Temp\ccf9Zh6a.s 			page 25


 493:Drivers/STM32F1xx_HAL_Driver/Src/stm32f1xx_hal_exti.c ****   *         This parameter can be one of the following values:
 494:Drivers/STM32F1xx_HAL_Driver/Src/stm32f1xx_hal_exti.c ****   *           @arg @ref EXTI_TRIGGER_RISING_FALLING
 495:Drivers/STM32F1xx_HAL_Driver/Src/stm32f1xx_hal_exti.c ****   *         This parameter is kept for compatibility with other series.
 496:Drivers/STM32F1xx_HAL_Driver/Src/stm32f1xx_hal_exti.c ****   * @retval None.
 497:Drivers/STM32F1xx_HAL_Driver/Src/stm32f1xx_hal_exti.c ****   */
 498:Drivers/STM32F1xx_HAL_Driver/Src/stm32f1xx_hal_exti.c **** void HAL_EXTI_ClearPending(EXTI_HandleTypeDef *hexti, uint32_t Edge)
 499:Drivers/STM32F1xx_HAL_Driver/Src/stm32f1xx_hal_exti.c **** {
 828              		.loc 1 499 1 is_stmt 1 view -0
 829              		.cfi_startproc
 830              		@ args = 0, pretend = 0, frame = 0
 831              		@ frame_needed = 0, uses_anonymous_args = 0
 832              		@ link register save eliminated.
 500:Drivers/STM32F1xx_HAL_Driver/Src/stm32f1xx_hal_exti.c ****   uint32_t maskline;
 833              		.loc 1 500 3 view .LVU267
 501:Drivers/STM32F1xx_HAL_Driver/Src/stm32f1xx_hal_exti.c **** 
 502:Drivers/STM32F1xx_HAL_Driver/Src/stm32f1xx_hal_exti.c ****   /* Check parameters */
 503:Drivers/STM32F1xx_HAL_Driver/Src/stm32f1xx_hal_exti.c ****   assert_param(IS_EXTI_LINE(hexti->Line));
 834              		.loc 1 503 3 view .LVU268
 504:Drivers/STM32F1xx_HAL_Driver/Src/stm32f1xx_hal_exti.c ****   assert_param(IS_EXTI_CONFIG_LINE(hexti->Line));
 835              		.loc 1 504 3 view .LVU269
 505:Drivers/STM32F1xx_HAL_Driver/Src/stm32f1xx_hal_exti.c ****   assert_param(IS_EXTI_PENDING_EDGE(Edge));
 836              		.loc 1 505 3 view .LVU270
 506:Drivers/STM32F1xx_HAL_Driver/Src/stm32f1xx_hal_exti.c **** 
 507:Drivers/STM32F1xx_HAL_Driver/Src/stm32f1xx_hal_exti.c ****   /* Prevent unused argument compilation warning */
 508:Drivers/STM32F1xx_HAL_Driver/Src/stm32f1xx_hal_exti.c ****   UNUSED(Edge);
 837              		.loc 1 508 3 view .LVU271
 509:Drivers/STM32F1xx_HAL_Driver/Src/stm32f1xx_hal_exti.c **** 
 510:Drivers/STM32F1xx_HAL_Driver/Src/stm32f1xx_hal_exti.c ****   /* Compute line mask */
 511:Drivers/STM32F1xx_HAL_Driver/Src/stm32f1xx_hal_exti.c ****   maskline = (1uL << (hexti->Line & EXTI_PIN_MASK));
 838              		.loc 1 511 3 view .LVU272
 839              		.loc 1 511 28 is_stmt 0 view .LVU273
 840 0000 0268     		ldr	r2, [r0]
 841              		.loc 1 511 35 view .LVU274
 842 0002 02F01F02 		and	r2, r2, #31
 843              		.loc 1 511 12 view .LVU275
 844 0006 0123     		movs	r3, #1
 845 0008 9340     		lsls	r3, r3, r2
 846              	.LVL72:
 512:Drivers/STM32F1xx_HAL_Driver/Src/stm32f1xx_hal_exti.c **** 
 513:Drivers/STM32F1xx_HAL_Driver/Src/stm32f1xx_hal_exti.c ****   /* Clear Pending bit */
 514:Drivers/STM32F1xx_HAL_Driver/Src/stm32f1xx_hal_exti.c ****   EXTI->PR =  maskline;
 847              		.loc 1 514 3 is_stmt 1 view .LVU276
 848              		.loc 1 514 12 is_stmt 0 view .LVU277
 849 000a 014A     		ldr	r2, .L65
 850 000c 5361     		str	r3, [r2, #20]
 515:Drivers/STM32F1xx_HAL_Driver/Src/stm32f1xx_hal_exti.c **** }
 851              		.loc 1 515 1 view .LVU278
 852 000e 7047     		bx	lr
 853              	.L66:
 854              		.align	2
 855              	.L65:
 856 0010 00040140 		.word	1073808384
 857              		.cfi_endproc
 858              	.LFE72:
 860              		.section	.text.HAL_EXTI_GenerateSWI,"ax",%progbits
 861              		.align	1
 862              		.global	HAL_EXTI_GenerateSWI
ARM GAS  C:\Users\Kaa\AppData\Local\Temp\ccf9Zh6a.s 			page 26


 863              		.syntax unified
 864              		.thumb
 865              		.thumb_func
 866              		.fpu softvfp
 868              	HAL_EXTI_GenerateSWI:
 869              	.LVL73:
 870              	.LFB73:
 516:Drivers/STM32F1xx_HAL_Driver/Src/stm32f1xx_hal_exti.c **** 
 517:Drivers/STM32F1xx_HAL_Driver/Src/stm32f1xx_hal_exti.c **** /**
 518:Drivers/STM32F1xx_HAL_Driver/Src/stm32f1xx_hal_exti.c ****   * @brief  Generate a software interrupt for a dedicated line.
 519:Drivers/STM32F1xx_HAL_Driver/Src/stm32f1xx_hal_exti.c ****   * @param  hexti Exti handle.
 520:Drivers/STM32F1xx_HAL_Driver/Src/stm32f1xx_hal_exti.c ****   * @retval None.
 521:Drivers/STM32F1xx_HAL_Driver/Src/stm32f1xx_hal_exti.c ****   */
 522:Drivers/STM32F1xx_HAL_Driver/Src/stm32f1xx_hal_exti.c **** void HAL_EXTI_GenerateSWI(EXTI_HandleTypeDef *hexti)
 523:Drivers/STM32F1xx_HAL_Driver/Src/stm32f1xx_hal_exti.c **** {
 871              		.loc 1 523 1 is_stmt 1 view -0
 872              		.cfi_startproc
 873              		@ args = 0, pretend = 0, frame = 0
 874              		@ frame_needed = 0, uses_anonymous_args = 0
 875              		@ link register save eliminated.
 524:Drivers/STM32F1xx_HAL_Driver/Src/stm32f1xx_hal_exti.c ****   uint32_t maskline;
 876              		.loc 1 524 3 view .LVU280
 525:Drivers/STM32F1xx_HAL_Driver/Src/stm32f1xx_hal_exti.c **** 
 526:Drivers/STM32F1xx_HAL_Driver/Src/stm32f1xx_hal_exti.c ****   /* Check parameters */
 527:Drivers/STM32F1xx_HAL_Driver/Src/stm32f1xx_hal_exti.c ****   assert_param(IS_EXTI_LINE(hexti->Line));
 877              		.loc 1 527 3 view .LVU281
 528:Drivers/STM32F1xx_HAL_Driver/Src/stm32f1xx_hal_exti.c ****   assert_param(IS_EXTI_CONFIG_LINE(hexti->Line));
 878              		.loc 1 528 3 view .LVU282
 529:Drivers/STM32F1xx_HAL_Driver/Src/stm32f1xx_hal_exti.c **** 
 530:Drivers/STM32F1xx_HAL_Driver/Src/stm32f1xx_hal_exti.c ****   /* Compute line mask */
 531:Drivers/STM32F1xx_HAL_Driver/Src/stm32f1xx_hal_exti.c ****   maskline = (1uL << (hexti->Line & EXTI_PIN_MASK));
 879              		.loc 1 531 3 view .LVU283
 880              		.loc 1 531 28 is_stmt 0 view .LVU284
 881 0000 0268     		ldr	r2, [r0]
 882              		.loc 1 531 35 view .LVU285
 883 0002 02F01F02 		and	r2, r2, #31
 884              		.loc 1 531 12 view .LVU286
 885 0006 0123     		movs	r3, #1
 886 0008 9340     		lsls	r3, r3, r2
 887              	.LVL74:
 532:Drivers/STM32F1xx_HAL_Driver/Src/stm32f1xx_hal_exti.c **** 
 533:Drivers/STM32F1xx_HAL_Driver/Src/stm32f1xx_hal_exti.c ****   /* Generate Software interrupt */
 534:Drivers/STM32F1xx_HAL_Driver/Src/stm32f1xx_hal_exti.c ****   EXTI->SWIER = maskline;
 888              		.loc 1 534 3 is_stmt 1 view .LVU287
 889              		.loc 1 534 15 is_stmt 0 view .LVU288
 890 000a 014A     		ldr	r2, .L68
 891 000c 1361     		str	r3, [r2, #16]
 535:Drivers/STM32F1xx_HAL_Driver/Src/stm32f1xx_hal_exti.c **** }
 892              		.loc 1 535 1 view .LVU289
 893 000e 7047     		bx	lr
 894              	.L69:
 895              		.align	2
 896              	.L68:
 897 0010 00040140 		.word	1073808384
 898              		.cfi_endproc
 899              	.LFE73:
 901              		.text
ARM GAS  C:\Users\Kaa\AppData\Local\Temp\ccf9Zh6a.s 			page 27


 902              	.Letext0:
 903              		.file 2 "c:\\arm_tool\\gcc\\arm-none-eabi\\include\\machine\\_default_types.h"
 904              		.file 3 "c:\\arm_tool\\gcc\\arm-none-eabi\\include\\sys\\_stdint.h"
 905              		.file 4 "Drivers/CMSIS/Include/core_cm3.h"
 906              		.file 5 "Drivers/CMSIS/Device/ST/STM32F1xx/Include/system_stm32f1xx.h"
 907              		.file 6 "Drivers/CMSIS/Device/ST/STM32F1xx/Include/stm32f103xb.h"
 908              		.file 7 "Drivers/STM32F1xx_HAL_Driver/Inc/stm32f1xx_hal_def.h"
 909              		.file 8 "Drivers/STM32F1xx_HAL_Driver/Inc/stm32f1xx_hal_exti.h"
 910              		.file 9 "Drivers/STM32F1xx_HAL_Driver/Inc/stm32f1xx_hal.h"
ARM GAS  C:\Users\Kaa\AppData\Local\Temp\ccf9Zh6a.s 			page 28


DEFINED SYMBOLS
                            *ABS*:0000000000000000 stm32f1xx_hal_exti.c
C:\Users\Kaa\AppData\Local\Temp\ccf9Zh6a.s:16     .text.HAL_EXTI_SetConfigLine:0000000000000000 $t
C:\Users\Kaa\AppData\Local\Temp\ccf9Zh6a.s:24     .text.HAL_EXTI_SetConfigLine:0000000000000000 HAL_EXTI_SetConfigLine
C:\Users\Kaa\AppData\Local\Temp\ccf9Zh6a.s:248    .text.HAL_EXTI_SetConfigLine:00000000000000d0 $d
C:\Users\Kaa\AppData\Local\Temp\ccf9Zh6a.s:254    .text.HAL_EXTI_GetConfigLine:0000000000000000 $t
C:\Users\Kaa\AppData\Local\Temp\ccf9Zh6a.s:261    .text.HAL_EXTI_GetConfigLine:0000000000000000 HAL_EXTI_GetConfigLine
C:\Users\Kaa\AppData\Local\Temp\ccf9Zh6a.s:447    .text.HAL_EXTI_GetConfigLine:00000000000000a0 $d
C:\Users\Kaa\AppData\Local\Temp\ccf9Zh6a.s:453    .text.HAL_EXTI_ClearConfigLine:0000000000000000 $t
C:\Users\Kaa\AppData\Local\Temp\ccf9Zh6a.s:460    .text.HAL_EXTI_ClearConfigLine:0000000000000000 HAL_EXTI_ClearConfigLine
C:\Users\Kaa\AppData\Local\Temp\ccf9Zh6a.s:610    .text.HAL_EXTI_ClearConfigLine:0000000000000074 $d
C:\Users\Kaa\AppData\Local\Temp\ccf9Zh6a.s:616    .text.HAL_EXTI_RegisterCallback:0000000000000000 $t
C:\Users\Kaa\AppData\Local\Temp\ccf9Zh6a.s:623    .text.HAL_EXTI_RegisterCallback:0000000000000000 HAL_EXTI_RegisterCallback
C:\Users\Kaa\AppData\Local\Temp\ccf9Zh6a.s:655    .text.HAL_EXTI_GetHandle:0000000000000000 $t
C:\Users\Kaa\AppData\Local\Temp\ccf9Zh6a.s:662    .text.HAL_EXTI_GetHandle:0000000000000000 HAL_EXTI_GetHandle
C:\Users\Kaa\AppData\Local\Temp\ccf9Zh6a.s:694    .text.HAL_EXTI_IRQHandler:0000000000000000 $t
C:\Users\Kaa\AppData\Local\Temp\ccf9Zh6a.s:701    .text.HAL_EXTI_IRQHandler:0000000000000000 HAL_EXTI_IRQHandler
C:\Users\Kaa\AppData\Local\Temp\ccf9Zh6a.s:755    .text.HAL_EXTI_IRQHandler:0000000000000020 $d
C:\Users\Kaa\AppData\Local\Temp\ccf9Zh6a.s:760    .text.HAL_EXTI_GetPending:0000000000000000 $t
C:\Users\Kaa\AppData\Local\Temp\ccf9Zh6a.s:767    .text.HAL_EXTI_GetPending:0000000000000000 HAL_EXTI_GetPending
C:\Users\Kaa\AppData\Local\Temp\ccf9Zh6a.s:813    .text.HAL_EXTI_GetPending:0000000000000018 $d
C:\Users\Kaa\AppData\Local\Temp\ccf9Zh6a.s:818    .text.HAL_EXTI_ClearPending:0000000000000000 $t
C:\Users\Kaa\AppData\Local\Temp\ccf9Zh6a.s:825    .text.HAL_EXTI_ClearPending:0000000000000000 HAL_EXTI_ClearPending
C:\Users\Kaa\AppData\Local\Temp\ccf9Zh6a.s:856    .text.HAL_EXTI_ClearPending:0000000000000010 $d
C:\Users\Kaa\AppData\Local\Temp\ccf9Zh6a.s:861    .text.HAL_EXTI_GenerateSWI:0000000000000000 $t
C:\Users\Kaa\AppData\Local\Temp\ccf9Zh6a.s:868    .text.HAL_EXTI_GenerateSWI:0000000000000000 HAL_EXTI_GenerateSWI
C:\Users\Kaa\AppData\Local\Temp\ccf9Zh6a.s:897    .text.HAL_EXTI_GenerateSWI:0000000000000010 $d

NO UNDEFINED SYMBOLS
