ARM GAS  C:\Users\Kaa\AppData\Local\Temp\ccukFGli.s 			page 1


   1              		.cpu cortex-m3
   2              		.eabi_attribute 20, 1
   3              		.eabi_attribute 21, 1
   4              		.eabi_attribute 23, 3
   5              		.eabi_attribute 24, 1
   6              		.eabi_attribute 25, 1
   7              		.eabi_attribute 26, 1
   8              		.eabi_attribute 30, 1
   9              		.eabi_attribute 34, 1
  10              		.eabi_attribute 18, 4
  11              		.file	"usbd_msc_data.c"
  12              		.text
  13              	.Ltext0:
  14              		.cfi_sections	.debug_frame
  15              		.global	MSC_Mode_Sense10_data
  16              		.global	MSC_Mode_Sense6_data
  17              		.global	MSC_Page00_Inquiry_Data
  18              		.section	.rodata.MSC_Mode_Sense10_data,"a"
  19              		.align	2
  22              	MSC_Mode_Sense10_data:
  23 0000 00       		.byte	0
  24 0001 06       		.byte	6
  25 0002 00       		.byte	0
  26 0003 00       		.byte	0
  27 0004 00       		.byte	0
  28 0005 00       		.byte	0
  29 0006 00       		.byte	0
  30 0007 00       		.byte	0
  31              		.section	.rodata.MSC_Mode_Sense6_data,"a"
  32              		.align	2
  35              	MSC_Mode_Sense6_data:
  36 0000 00000000 		.space	8
  36      00000000 
  37              		.section	.rodata.MSC_Page00_Inquiry_Data,"a"
  38              		.align	2
  41              	MSC_Page00_Inquiry_Data:
  42 0000 00       		.byte	0
  43 0001 00       		.byte	0
  44 0002 00       		.byte	0
  45 0003 03       		.byte	3
  46 0004 00       		.byte	0
  47 0005 80       		.byte	-128
  48 0006 83       		.byte	-125
  49              		.text
  50              	.Letext0:
  51              		.file 1 "c:\\arm_tool\\gcc\\arm-none-eabi\\include\\machine\\_default_types.h"
  52              		.file 2 "c:\\arm_tool\\gcc\\arm-none-eabi\\include\\sys\\lock.h"
  53              		.file 3 "c:\\arm_tool\\gcc\\arm-none-eabi\\include\\sys\\_types.h"
  54              		.file 4 "c:\\arm_tool\\gcc\\lib\\gcc\\arm-none-eabi\\8.2.1\\include\\stddef.h"
  55              		.file 5 "c:\\arm_tool\\gcc\\arm-none-eabi\\include\\sys\\reent.h"
  56              		.file 6 "c:\\arm_tool\\gcc\\arm-none-eabi\\include\\sys\\_stdint.h"
  57              		.file 7 "c:\\arm_tool\\gcc\\arm-none-eabi\\include\\stdlib.h"
  58              		.file 8 "Drivers/CMSIS/Include/core_cm3.h"
  59              		.file 9 "Drivers/CMSIS/Device/ST/STM32F1xx/Include/system_stm32f1xx.h"
  60              		.file 10 "Drivers/STM32F1xx_HAL_Driver/Inc/stm32f1xx_hal.h"
  61              		.file 11 "Core/Inc/main.h"
  62              		.file 12 "Middlewares/ST/STM32_USB_Device_Library/Class/MSC/Inc/usbd_msc_data.h"
ARM GAS  C:\Users\Kaa\AppData\Local\Temp\ccukFGli.s 			page 2


  63              		.file 13 "Middlewares/ST/STM32_USB_Device_Library/Class/MSC/Src/usbd_msc_data.c"
  64              		.file 14 "Drivers/STM32F1xx_HAL_Driver/Inc/stm32f1xx_ll_dma.h"
ARM GAS  C:\Users\Kaa\AppData\Local\Temp\ccukFGli.s 			page 3


DEFINED SYMBOLS
                            *ABS*:0000000000000000 usbd_msc_data.c
C:\Users\Kaa\AppData\Local\Temp\ccukFGli.s:22     .rodata.MSC_Mode_Sense10_data:0000000000000000 MSC_Mode_Sense10_data
C:\Users\Kaa\AppData\Local\Temp\ccukFGli.s:35     .rodata.MSC_Mode_Sense6_data:0000000000000000 MSC_Mode_Sense6_data
C:\Users\Kaa\AppData\Local\Temp\ccukFGli.s:41     .rodata.MSC_Page00_Inquiry_Data:0000000000000000 MSC_Page00_Inquiry_Data
C:\Users\Kaa\AppData\Local\Temp\ccukFGli.s:19     .rodata.MSC_Mode_Sense10_data:0000000000000000 $d
C:\Users\Kaa\AppData\Local\Temp\ccukFGli.s:32     .rodata.MSC_Mode_Sense6_data:0000000000000000 $d
C:\Users\Kaa\AppData\Local\Temp\ccukFGli.s:38     .rodata.MSC_Page00_Inquiry_Data:0000000000000000 $d

NO UNDEFINED SYMBOLS
